c:\users\administrator\source\repos\mfc_game_hack\mfc_game_hack\x64\release\mfc_game_hack.pch
c:\users\administrator\source\repos\mfc_game_hack\mfc_game_hack\x64\release\vc143.pdb
c:\users\administrator\source\repos\mfc_game_hack\mfc_game_hack\x64\release\pch.obj
c:\users\administrator\source\repos\mfc_game_hack\mfc_game_hack\x64\release\query_process_logic.obj
c:\users\administrator\source\repos\mfc_game_hack\mfc_game_hack\x64\release\mfc_game_hackdlg.obj
c:\users\administrator\source\repos\mfc_game_hack\mfc_game_hack\x64\release\mfc_game_hack.obj
c:\users\administrator\source\repos\mfc_game_hack\mfc_game_hack\x64\release\mem_viewer.obj
c:\users\administrator\source\repos\mfc_game_hack\mfc_game_hack\x64\release\mem_scan_win.obj
c:\users\administrator\source\repos\mfc_game_hack\mfc_game_hack\x64\release\mem_page_scan_class.obj
c:\users\administrator\source\repos\mfc_game_hack\mfc_game_hack\x64\release\mem_dump_logic.obj
c:\users\administrator\source\repos\mfc_game_hack\mfc_game_hack\x64\release\kernelbased_dll_injection__.obj
c:\users\administrator\source\repos\mfc_game_hack\mfc_game_hack\x64\release\ioctl_logic.obj
c:\users\administrator\source\repos\mfc_game_hack\mfc_game_hack\x64\release\file_io_logic.obj
c:\users\administrator\source\repos\mfc_game_hack\mfc_game_hack\x64\release\dump_process.obj
c:\users\administrator\source\repos\mfc_game_hack\mfc_game_hack\x64\release\converter_logic_.obj
c:\users\administrator\source\repos\mfc_game_hack\mfc_game_hack\x64\release\attach_process.obj
c:\users\administrator\source\repos\mfc_game_hack\mfc_game_hack\x64\release\mfcgamehack.res
c:\users\administrator\source\repos\mfc_game_hack\x64\release\mfc_game_hack.exe
c:\users\administrator\source\repos\mfc_game_hack\mfc_game_hack\x64\release\mfc_game_hack.tlog\cl.command.1.tlog
c:\users\administrator\source\repos\mfc_game_hack\mfc_game_hack\x64\release\mfc_game_hack.tlog\cl.read.1.tlog
c:\users\administrator\source\repos\mfc_game_hack\mfc_game_hack\x64\release\mfc_game_hack.tlog\cl.write.1.tlog
c:\users\administrator\source\repos\mfc_game_hack\mfc_game_hack\x64\release\mfc_game_hack.tlog\link.command.1.tlog
c:\users\administrator\source\repos\mfc_game_hack\mfc_game_hack\x64\release\mfc_game_hack.tlog\link.read.1.tlog
c:\users\administrator\source\repos\mfc_game_hack\mfc_game_hack\x64\release\mfc_game_hack.tlog\rc.command.1.tlog
c:\users\administrator\source\repos\mfc_game_hack\mfc_game_hack\x64\release\mfc_game_hack.tlog\rc.read.1.tlog
c:\users\administrator\source\repos\mfc_game_hack\mfc_game_hack\x64\release\mfc_game_hack.tlog\rc.write.1.tlog
