  pch.cpp
  ATTACH_PROCESS.cpp
C:\Program Files (x86)\Windows Kits\10\Include\10.0.26100.0\shared\ntstatus.h(66,9): warning C4005: 'STATUS_WAIT_0': 매크로 재정의
C:\Program Files (x86)\Windows Kits\10\Include\10.0.26100.0\shared\ntstatus.h(226,9): warning C4005: 'STATUS_ABANDONED_WAIT_0': 매크로 재정의
C:\Program Files (x86)\Windows Kits\10\Include\10.0.26100.0\shared\ntstatus.h(249,9): warning C4005: 'STATUS_USER_APC': 매크로 재정의
C:\Program Files (x86)\Windows Kits\10\Include\10.0.26100.0\shared\ntstatus.h(285,9): warning C4005: 'STATUS_TIMEOUT': 매크로 재정의
C:\Program Files (x86)\Windows Kits\10\Include\10.0.26100.0\shared\ntstatus.h(294,9): warning C4005: 'STATUS_PENDING': 매크로 재정의
C:\Program Files (x86)\Windows Kits\10\Include\10.0.26100.0\shared\ntstatus.h(750,9): warning C4005: 'DBG_EXCEPTION_HANDLED': 매크로 재정의
C:\Program Files (x86)\Windows Kits\10\Include\10.0.26100.0\shared\ntstatus.h(759,9): warning C4005: 'DBG_CONTINUE': 매크로 재정의
C:\Program Files (x86)\Windows Kits\10\Include\10.0.26100.0\shared\ntstatus.h(834,9): warning C4005: 'STATUS_SEGMENT_NOTIFICATION': 매크로 재정의
C:\Program Files (x86)\Windows Kits\10\Include\10.0.26100.0\shared\ntstatus.h(997,9): warning C4005: 'STATUS_FATAL_APP_EXIT': 매크로 재정의
C:\Program Files (x86)\Windows Kits\10\Include\10.0.26100.0\shared\ntstatus.h(1335,9): warning C4005: 'DBG_REPLY_LATER': 매크로 재정의
C:\Program Files (x86)\Windows Kits\10\Include\10.0.26100.0\shared\ntstatus.h(1353,9): warning C4005: 'DBG_TERMINATE_THREAD': 매크로 재정의
C:\Program Files (x86)\Windows Kits\10\Include\10.0.26100.0\shared\ntstatus.h(1362,9): warning C4005: 'DBG_TERMINATE_PROCESS': 매크로 재정의
C:\Program Files (x86)\Windows Kits\10\Include\10.0.26100.0\shared\ntstatus.h(1371,9): warning C4005: 'DBG_CONTROL_C': 매크로 재정의
C:\Program Files (x86)\Windows Kits\10\Include\10.0.26100.0\shared\ntstatus.h(1380,9): warning C4005: 'DBG_PRINTEXCEPTION_C': 매크로 재정의
C:\Program Files (x86)\Windows Kits\10\Include\10.0.26100.0\shared\ntstatus.h(1389,9): warning C4005: 'DBG_RIPEXCEPTION': 매크로 재정의
C:\Program Files (x86)\Windows Kits\10\Include\10.0.26100.0\shared\ntstatus.h(1398,9): warning C4005: 'DBG_CONTROL_BREAK': 매크로 재정의
C:\Program Files (x86)\Windows Kits\10\Include\10.0.26100.0\shared\ntstatus.h(1407,9): warning C4005: 'DBG_COMMAND_EXCEPTION': 매크로 재정의
C:\Program Files (x86)\Windows Kits\10\Include\10.0.26100.0\shared\ntstatus.h(1416,9): warning C4005: 'DBG_PRINTEXCEPTION_WIDE_C': 매크로 재정의
C:\Program Files (x86)\Windows Kits\10\Include\10.0.26100.0\shared\ntstatus.h(1448,9): warning C4005: 'STATUS_GUARD_PAGE_VIOLATION': 매크로 재정의
C:\Program Files (x86)\Windows Kits\10\Include\10.0.26100.0\shared\ntstatus.h(1459,9): warning C4005: 'STATUS_DATATYPE_MISALIGNMENT': 매크로 재정의
C:\Program Files (x86)\Windows Kits\10\Include\10.0.26100.0\shared\ntstatus.h(1470,9): warning C4005: 'STATUS_BREAKPOINT': 매크로 재정의
C:\Program Files (x86)\Windows Kits\10\Include\10.0.26100.0\shared\ntstatus.h(1481,9): warning C4005: 'STATUS_SINGLE_STEP': 매크로 재정의
C:\Program Files (x86)\Windows Kits\10\Include\10.0.26100.0\shared\ntstatus.h(1784,9): warning C4005: 'STATUS_LONGJUMP': 매크로 재정의
C:\Program Files (x86)\Windows Kits\10\Include\10.0.26100.0\shared\ntstatus.h(1811,9): warning C4005: 'STATUS_UNWIND_CONSOLIDATE': 매크로 재정의
C:\Program Files (x86)\Windows Kits\10\Include\10.0.26100.0\shared\ntstatus.h(1935,9): warning C4005: 'DBG_EXCEPTION_NOT_HANDLED': 매크로 재정의
C:\Program Files (x86)\Windows Kits\10\Include\10.0.26100.0\shared\ntstatus.h(2102,9): warning C4005: 'STATUS_ACCESS_VIOLATION': 매크로 재정의
C:\Program Files (x86)\Windows Kits\10\Include\10.0.26100.0\shared\ntstatus.h(2111,9): warning C4005: 'STATUS_IN_PAGE_ERROR': 매크로 재정의
C:\Program Files (x86)\Windows Kits\10\Include\10.0.26100.0\shared\ntstatus.h(2129,9): warning C4005: 'STATUS_INVALID_HANDLE': 매크로 재정의
C:\Program Files (x86)\Windows Kits\10\Include\10.0.26100.0\shared\ntstatus.h(2174,9): warning C4005: 'STATUS_INVALID_PARAMETER': 매크로 재정의
C:\Program Files (x86)\Windows Kits\10\Include\10.0.26100.0\shared\ntstatus.h(2274,9): warning C4005: 'STATUS_NO_MEMORY': 매크로 재정의
C:\Program Files (x86)\Windows Kits\10\Include\10.0.26100.0\shared\ntstatus.h(2331,9): warning C4005: 'STATUS_ILLEGAL_INSTRUCTION': 매크로 재정의
C:\Program Files (x86)\Windows Kits\10\Include\10.0.26100.0\shared\ntstatus.h(2412,9): warning C4005: 'STATUS_NONCONTINUABLE_EXCEPTION': 매크로 재정의
C:\Program Files (x86)\Windows Kits\10\Include\10.0.26100.0\shared\ntstatus.h(2421,9): warning C4005: 'STATUS_INVALID_DISPOSITION': 매크로 재정의
C:\Program Files (x86)\Windows Kits\10\Include\10.0.26100.0\shared\ntstatus.h(3354,9): warning C4005: 'STATUS_ARRAY_BOUNDS_EXCEEDED': 매크로 재정의
C:\Program Files (x86)\Windows Kits\10\Include\10.0.26100.0\shared\ntstatus.h(3364,9): warning C4005: 'STATUS_FLOAT_DENORMAL_OPERAND': 매크로 재정의
C:\Program Files (x86)\Windows Kits\10\Include\10.0.26100.0\shared\ntstatus.h(3374,9): warning C4005: 'STATUS_FLOAT_DIVIDE_BY_ZERO': 매크로 재정의
C:\Program Files (x86)\Windows Kits\10\Include\10.0.26100.0\shared\ntstatus.h(3384,9): warning C4005: 'STATUS_FLOAT_INEXACT_RESULT': 매크로 재정의
C:\Program Files (x86)\Windows Kits\10\Include\10.0.26100.0\shared\ntstatus.h(3394,9): warning C4005: 'STATUS_FLOAT_INVALID_OPERATION': 매크로 재정의
C:\Program Files (x86)\Windows Kits\10\Include\10.0.26100.0\shared\ntstatus.h(3404,9): warning C4005: 'STATUS_FLOAT_OVERFLOW': 매크로 재정의
C:\Program Files (x86)\Windows Kits\10\Include\10.0.26100.0\shared\ntstatus.h(3414,9): warning C4005: 'STATUS_FLOAT_STACK_CHECK': 매크로 재정의
C:\Program Files (x86)\Windows Kits\10\Include\10.0.26100.0\shared\ntstatus.h(3424,9): warning C4005: 'STATUS_FLOAT_UNDERFLOW': 매크로 재정의
C:\Program Files (x86)\Windows Kits\10\Include\10.0.26100.0\shared\ntstatus.h(3434,9): warning C4005: 'STATUS_INTEGER_DIVIDE_BY_ZERO': 매크로 재정의
C:\Program Files (x86)\Windows Kits\10\Include\10.0.26100.0\shared\ntstatus.h(3444,9): warning C4005: 'STATUS_INTEGER_OVERFLOW': 매크로 재정의
C:\Program Files (x86)\Windows Kits\10\Include\10.0.26100.0\shared\ntstatus.h(3454,9): warning C4005: 'STATUS_PRIVILEGED_INSTRUCTION': 매크로 재정의
C:\Program Files (x86)\Windows Kits\10\Include\10.0.26100.0\shared\ntstatus.h(4400,9): warning C4005: 'STATUS_STACK_OVERFLOW': 매크로 재정의
C:\Program Files (x86)\Windows Kits\10\Include\10.0.26100.0\shared\ntstatus.h(4917,9): warning C4005: 'STATUS_DLL_NOT_FOUND': 매크로 재정의
C:\Program Files (x86)\Windows Kits\10\Include\10.0.26100.0\shared\ntstatus.h(4946,9): warning C4005: 'STATUS_ORDINAL_NOT_FOUND': 매크로 재정의
C:\Program Files (x86)\Windows Kits\10\Include\10.0.26100.0\shared\ntstatus.h(4956,9): warning C4005: 'STATUS_ENTRYPOINT_NOT_FOUND': 매크로 재정의
C:\Program Files (x86)\Windows Kits\10\Include\10.0.26100.0\shared\ntstatus.h(4966,9): warning C4005: 'STATUS_CONTROL_C_EXIT': 매크로 재정의
C:\Program Files (x86)\Windows Kits\10\Include\10.0.26100.0\shared\ntstatus.h(5044,9): warning C4005: 'STATUS_DLL_INIT_FAILED': 매크로 재정의
C:\Program Files (x86)\Windows Kits\10\Include\10.0.26100.0\shared\ntstatus.h(6041,9): warning C4005: 'STATUS_CONTROL_STACK_VIOLATION': 매크로 재정의
C:\Program Files (x86)\Windows Kits\10\Include\10.0.26100.0\shared\ntstatus.h(7635,9): warning C4005: 'STATUS_FLOAT_MULTIPLE_FAULTS': 매크로 재정의
C:\Program Files (x86)\Windows Kits\10\Include\10.0.26100.0\shared\ntstatus.h(7645,9): warning C4005: 'STATUS_FLOAT_MULTIPLE_TRAPS': 매크로 재정의
C:\Program Files (x86)\Windows Kits\10\Include\10.0.26100.0\shared\ntstatus.h(7777,9): warning C4005: 'STATUS_REG_NAT_CONSUMPTION': 매크로 재정의
C:\Program Files (x86)\Windows Kits\10\Include\10.0.26100.0\shared\ntstatus.h(8760,9): warning C4005: 'STATUS_HEAP_CORRUPTION': 매크로 재정의
C:\Program Files (x86)\Windows Kits\10\Include\10.0.26100.0\shared\ntstatus.h(8988,9): warning C4005: 'STATUS_STACK_BUFFER_OVERRUN': 매크로 재정의
C:\Program Files (x86)\Windows Kits\10\Include\10.0.26100.0\shared\ntstatus.h(9115,9): warning C4005: 'STATUS_INVALID_CRUNTIME_PARAMETER': 매크로 재정의
C:\Program Files (x86)\Windows Kits\10\Include\10.0.26100.0\shared\ntstatus.h(9178,9): warning C4005: 'STATUS_ASSERTION_FAILURE': 매크로 재정의
C:\Program Files (x86)\Windows Kits\10\Include\10.0.26100.0\shared\ntstatus.h(10087,9): warning C4005: 'STATUS_ENCLAVE_VIOLATION': 매크로 재정의
C:\Program Files (x86)\Windows Kits\10\Include\10.0.26100.0\shared\ntstatus.h(10874,9): warning C4005: 'STATUS_INTERRUPTED': 매크로 재정의
C:\Program Files (x86)\Windows Kits\10\Include\10.0.26100.0\shared\ntstatus.h(10883,9): warning C4005: 'STATUS_THREAD_NOT_RUNNING': 매크로 재정의
C:\Program Files (x86)\Windows Kits\10\Include\10.0.26100.0\shared\ntstatus.h(11195,9): warning C4005: 'STATUS_ALREADY_REGISTERED': 매크로 재정의
C:\Program Files (x86)\Windows Kits\10\Include\10.0.26100.0\shared\ntstatus.h(15290,9): warning C4005: 'STATUS_SXS_EARLY_DEACTIVATION': 매크로 재정의
C:\Program Files (x86)\Windows Kits\10\Include\10.0.26100.0\shared\ntstatus.h(15299,9): warning C4005: 'STATUS_SXS_INVALID_DEACTIVATION': 매크로 재정의
C:\Users\Administrator\source\repos\MFC_GAME_HACK\MFC_GAME_HACK\ATTACH_PROCESS.cpp(83,9): warning C4312: '형식 캐스트': 'DWORD'에서 더 큰 'HANDLE'(으)로의 변환입니다.
C:\Users\Administrator\source\repos\MFC_GAME_HACK\MFC_GAME_HACK\ATTACH_PROCESS.cpp(99,37): warning C4312: '형식 캐스트': 'DWORD'에서 더 큰 'HANDLE'(으)로의 변환입니다.
  converter_logic_.cpp
  DUMP_PROCESS.cpp
C:\Program Files (x86)\Windows Kits\10\Include\10.0.26100.0\shared\ntstatus.h(66,9): warning C4005: 'STATUS_WAIT_0': 매크로 재정의
C:\Program Files (x86)\Windows Kits\10\Include\10.0.26100.0\shared\ntstatus.h(226,9): warning C4005: 'STATUS_ABANDONED_WAIT_0': 매크로 재정의
C:\Program Files (x86)\Windows Kits\10\Include\10.0.26100.0\shared\ntstatus.h(249,9): warning C4005: 'STATUS_USER_APC': 매크로 재정의
C:\Program Files (x86)\Windows Kits\10\Include\10.0.26100.0\shared\ntstatus.h(285,9): warning C4005: 'STATUS_TIMEOUT': 매크로 재정의
C:\Program Files (x86)\Windows Kits\10\Include\10.0.26100.0\shared\ntstatus.h(294,9): warning C4005: 'STATUS_PENDING': 매크로 재정의
C:\Program Files (x86)\Windows Kits\10\Include\10.0.26100.0\shared\ntstatus.h(750,9): warning C4005: 'DBG_EXCEPTION_HANDLED': 매크로 재정의
C:\Program Files (x86)\Windows Kits\10\Include\10.0.26100.0\shared\ntstatus.h(759,9): warning C4005: 'DBG_CONTINUE': 매크로 재정의
C:\Program Files (x86)\Windows Kits\10\Include\10.0.26100.0\shared\ntstatus.h(834,9): warning C4005: 'STATUS_SEGMENT_NOTIFICATION': 매크로 재정의
C:\Program Files (x86)\Windows Kits\10\Include\10.0.26100.0\shared\ntstatus.h(997,9): warning C4005: 'STATUS_FATAL_APP_EXIT': 매크로 재정의
C:\Program Files (x86)\Windows Kits\10\Include\10.0.26100.0\shared\ntstatus.h(1335,9): warning C4005: 'DBG_REPLY_LATER': 매크로 재정의
C:\Program Files (x86)\Windows Kits\10\Include\10.0.26100.0\shared\ntstatus.h(1353,9): warning C4005: 'DBG_TERMINATE_THREAD': 매크로 재정의
C:\Program Files (x86)\Windows Kits\10\Include\10.0.26100.0\shared\ntstatus.h(1362,9): warning C4005: 'DBG_TERMINATE_PROCESS': 매크로 재정의
C:\Program Files (x86)\Windows Kits\10\Include\10.0.26100.0\shared\ntstatus.h(1371,9): warning C4005: 'DBG_CONTROL_C': 매크로 재정의
C:\Program Files (x86)\Windows Kits\10\Include\10.0.26100.0\shared\ntstatus.h(1380,9): warning C4005: 'DBG_PRINTEXCEPTION_C': 매크로 재정의
C:\Program Files (x86)\Windows Kits\10\Include\10.0.26100.0\shared\ntstatus.h(1389,9): warning C4005: 'DBG_RIPEXCEPTION': 매크로 재정의
C:\Program Files (x86)\Windows Kits\10\Include\10.0.26100.0\shared\ntstatus.h(1398,9): warning C4005: 'DBG_CONTROL_BREAK': 매크로 재정의
C:\Program Files (x86)\Windows Kits\10\Include\10.0.26100.0\shared\ntstatus.h(1407,9): warning C4005: 'DBG_COMMAND_EXCEPTION': 매크로 재정의
C:\Program Files (x86)\Windows Kits\10\Include\10.0.26100.0\shared\ntstatus.h(1416,9): warning C4005: 'DBG_PRINTEXCEPTION_WIDE_C': 매크로 재정의
C:\Program Files (x86)\Windows Kits\10\Include\10.0.26100.0\shared\ntstatus.h(1448,9): warning C4005: 'STATUS_GUARD_PAGE_VIOLATION': 매크로 재정의
C:\Program Files (x86)\Windows Kits\10\Include\10.0.26100.0\shared\ntstatus.h(1459,9): warning C4005: 'STATUS_DATATYPE_MISALIGNMENT': 매크로 재정의
C:\Program Files (x86)\Windows Kits\10\Include\10.0.26100.0\shared\ntstatus.h(1470,9): warning C4005: 'STATUS_BREAKPOINT': 매크로 재정의
C:\Program Files (x86)\Windows Kits\10\Include\10.0.26100.0\shared\ntstatus.h(1481,9): warning C4005: 'STATUS_SINGLE_STEP': 매크로 재정의
C:\Program Files (x86)\Windows Kits\10\Include\10.0.26100.0\shared\ntstatus.h(1784,9): warning C4005: 'STATUS_LONGJUMP': 매크로 재정의
C:\Program Files (x86)\Windows Kits\10\Include\10.0.26100.0\shared\ntstatus.h(1811,9): warning C4005: 'STATUS_UNWIND_CONSOLIDATE': 매크로 재정의
C:\Program Files (x86)\Windows Kits\10\Include\10.0.26100.0\shared\ntstatus.h(1935,9): warning C4005: 'DBG_EXCEPTION_NOT_HANDLED': 매크로 재정의
C:\Program Files (x86)\Windows Kits\10\Include\10.0.26100.0\shared\ntstatus.h(2102,9): warning C4005: 'STATUS_ACCESS_VIOLATION': 매크로 재정의
C:\Program Files (x86)\Windows Kits\10\Include\10.0.26100.0\shared\ntstatus.h(2111,9): warning C4005: 'STATUS_IN_PAGE_ERROR': 매크로 재정의
C:\Program Files (x86)\Windows Kits\10\Include\10.0.26100.0\shared\ntstatus.h(2129,9): warning C4005: 'STATUS_INVALID_HANDLE': 매크로 재정의
C:\Program Files (x86)\Windows Kits\10\Include\10.0.26100.0\shared\ntstatus.h(2174,9): warning C4005: 'STATUS_INVALID_PARAMETER': 매크로 재정의
C:\Program Files (x86)\Windows Kits\10\Include\10.0.26100.0\shared\ntstatus.h(2274,9): warning C4005: 'STATUS_NO_MEMORY': 매크로 재정의
C:\Program Files (x86)\Windows Kits\10\Include\10.0.26100.0\shared\ntstatus.h(2331,9): warning C4005: 'STATUS_ILLEGAL_INSTRUCTION': 매크로 재정의
C:\Program Files (x86)\Windows Kits\10\Include\10.0.26100.0\shared\ntstatus.h(2412,9): warning C4005: 'STATUS_NONCONTINUABLE_EXCEPTION': 매크로 재정의
C:\Program Files (x86)\Windows Kits\10\Include\10.0.26100.0\shared\ntstatus.h(2421,9): warning C4005: 'STATUS_INVALID_DISPOSITION': 매크로 재정의
C:\Program Files (x86)\Windows Kits\10\Include\10.0.26100.0\shared\ntstatus.h(3354,9): warning C4005: 'STATUS_ARRAY_BOUNDS_EXCEEDED': 매크로 재정의
C:\Program Files (x86)\Windows Kits\10\Include\10.0.26100.0\shared\ntstatus.h(3364,9): warning C4005: 'STATUS_FLOAT_DENORMAL_OPERAND': 매크로 재정의
C:\Program Files (x86)\Windows Kits\10\Include\10.0.26100.0\shared\ntstatus.h(3374,9): warning C4005: 'STATUS_FLOAT_DIVIDE_BY_ZERO': 매크로 재정의
C:\Program Files (x86)\Windows Kits\10\Include\10.0.26100.0\shared\ntstatus.h(3384,9): warning C4005: 'STATUS_FLOAT_INEXACT_RESULT': 매크로 재정의
C:\Program Files (x86)\Windows Kits\10\Include\10.0.26100.0\shared\ntstatus.h(3394,9): warning C4005: 'STATUS_FLOAT_INVALID_OPERATION': 매크로 재정의
C:\Program Files (x86)\Windows Kits\10\Include\10.0.26100.0\shared\ntstatus.h(3404,9): warning C4005: 'STATUS_FLOAT_OVERFLOW': 매크로 재정의
C:\Program Files (x86)\Windows Kits\10\Include\10.0.26100.0\shared\ntstatus.h(3414,9): warning C4005: 'STATUS_FLOAT_STACK_CHECK': 매크로 재정의
C:\Program Files (x86)\Windows Kits\10\Include\10.0.26100.0\shared\ntstatus.h(3424,9): warning C4005: 'STATUS_FLOAT_UNDERFLOW': 매크로 재정의
C:\Program Files (x86)\Windows Kits\10\Include\10.0.26100.0\shared\ntstatus.h(3434,9): warning C4005: 'STATUS_INTEGER_DIVIDE_BY_ZERO': 매크로 재정의
C:\Program Files (x86)\Windows Kits\10\Include\10.0.26100.0\shared\ntstatus.h(3444,9): warning C4005: 'STATUS_INTEGER_OVERFLOW': 매크로 재정의
C:\Program Files (x86)\Windows Kits\10\Include\10.0.26100.0\shared\ntstatus.h(3454,9): warning C4005: 'STATUS_PRIVILEGED_INSTRUCTION': 매크로 재정의
C:\Program Files (x86)\Windows Kits\10\Include\10.0.26100.0\shared\ntstatus.h(4400,9): warning C4005: 'STATUS_STACK_OVERFLOW': 매크로 재정의
C:\Program Files (x86)\Windows Kits\10\Include\10.0.26100.0\shared\ntstatus.h(4917,9): warning C4005: 'STATUS_DLL_NOT_FOUND': 매크로 재정의
C:\Program Files (x86)\Windows Kits\10\Include\10.0.26100.0\shared\ntstatus.h(4946,9): warning C4005: 'STATUS_ORDINAL_NOT_FOUND': 매크로 재정의
C:\Program Files (x86)\Windows Kits\10\Include\10.0.26100.0\shared\ntstatus.h(4956,9): warning C4005: 'STATUS_ENTRYPOINT_NOT_FOUND': 매크로 재정의
C:\Program Files (x86)\Windows Kits\10\Include\10.0.26100.0\shared\ntstatus.h(4966,9): warning C4005: 'STATUS_CONTROL_C_EXIT': 매크로 재정의
C:\Program Files (x86)\Windows Kits\10\Include\10.0.26100.0\shared\ntstatus.h(5044,9): warning C4005: 'STATUS_DLL_INIT_FAILED': 매크로 재정의
C:\Program Files (x86)\Windows Kits\10\Include\10.0.26100.0\shared\ntstatus.h(6041,9): warning C4005: 'STATUS_CONTROL_STACK_VIOLATION': 매크로 재정의
C:\Program Files (x86)\Windows Kits\10\Include\10.0.26100.0\shared\ntstatus.h(7635,9): warning C4005: 'STATUS_FLOAT_MULTIPLE_FAULTS': 매크로 재정의
C:\Program Files (x86)\Windows Kits\10\Include\10.0.26100.0\shared\ntstatus.h(7645,9): warning C4005: 'STATUS_FLOAT_MULTIPLE_TRAPS': 매크로 재정의
C:\Program Files (x86)\Windows Kits\10\Include\10.0.26100.0\shared\ntstatus.h(7777,9): warning C4005: 'STATUS_REG_NAT_CONSUMPTION': 매크로 재정의
C:\Program Files (x86)\Windows Kits\10\Include\10.0.26100.0\shared\ntstatus.h(8760,9): warning C4005: 'STATUS_HEAP_CORRUPTION': 매크로 재정의
C:\Program Files (x86)\Windows Kits\10\Include\10.0.26100.0\shared\ntstatus.h(8988,9): warning C4005: 'STATUS_STACK_BUFFER_OVERRUN': 매크로 재정의
C:\Program Files (x86)\Windows Kits\10\Include\10.0.26100.0\shared\ntstatus.h(9115,9): warning C4005: 'STATUS_INVALID_CRUNTIME_PARAMETER': 매크로 재정의
C:\Program Files (x86)\Windows Kits\10\Include\10.0.26100.0\shared\ntstatus.h(9178,9): warning C4005: 'STATUS_ASSERTION_FAILURE': 매크로 재정의
C:\Program Files (x86)\Windows Kits\10\Include\10.0.26100.0\shared\ntstatus.h(10087,9): warning C4005: 'STATUS_ENCLAVE_VIOLATION': 매크로 재정의
C:\Program Files (x86)\Windows Kits\10\Include\10.0.26100.0\shared\ntstatus.h(10874,9): warning C4005: 'STATUS_INTERRUPTED': 매크로 재정의
C:\Program Files (x86)\Windows Kits\10\Include\10.0.26100.0\shared\ntstatus.h(10883,9): warning C4005: 'STATUS_THREAD_NOT_RUNNING': 매크로 재정의
C:\Program Files (x86)\Windows Kits\10\Include\10.0.26100.0\shared\ntstatus.h(11195,9): warning C4005: 'STATUS_ALREADY_REGISTERED': 매크로 재정의
C:\Program Files (x86)\Windows Kits\10\Include\10.0.26100.0\shared\ntstatus.h(15290,9): warning C4005: 'STATUS_SXS_EARLY_DEACTIVATION': 매크로 재정의
C:\Program Files (x86)\Windows Kits\10\Include\10.0.26100.0\shared\ntstatus.h(15299,9): warning C4005: 'STATUS_SXS_INVALID_DEACTIVATION': 매크로 재정의
C:\Users\Administrator\source\repos\MFC_GAME_HACK\MFC_GAME_HACK\DUMP_PROCESS.cpp(91,15): warning C4312: '형식 캐스트': 'DWORD'에서 더 큰 'HANDLE'(으)로의 변환입니다.
C:\Users\Administrator\source\repos\MFC_GAME_HACK\MFC_GAME_HACK\DUMP_PROCESS.cpp(101,36): warning C4312: '형식 캐스트': 'DWORD'에서 더 큰 'HANDLE'(으)로의 변환입니다.
  FILE_IO_logic.cpp
  IOCTL_logic.cpp
C:\Program Files (x86)\Windows Kits\10\Include\10.0.26100.0\shared\ntstatus.h(66,9): warning C4005: 'STATUS_WAIT_0': 매크로 재정의
C:\Program Files (x86)\Windows Kits\10\Include\10.0.26100.0\shared\ntstatus.h(226,9): warning C4005: 'STATUS_ABANDONED_WAIT_0': 매크로 재정의
C:\Program Files (x86)\Windows Kits\10\Include\10.0.26100.0\shared\ntstatus.h(249,9): warning C4005: 'STATUS_USER_APC': 매크로 재정의
C:\Program Files (x86)\Windows Kits\10\Include\10.0.26100.0\shared\ntstatus.h(285,9): warning C4005: 'STATUS_TIMEOUT': 매크로 재정의
C:\Program Files (x86)\Windows Kits\10\Include\10.0.26100.0\shared\ntstatus.h(294,9): warning C4005: 'STATUS_PENDING': 매크로 재정의
C:\Program Files (x86)\Windows Kits\10\Include\10.0.26100.0\shared\ntstatus.h(750,9): warning C4005: 'DBG_EXCEPTION_HANDLED': 매크로 재정의
C:\Program Files (x86)\Windows Kits\10\Include\10.0.26100.0\shared\ntstatus.h(759,9): warning C4005: 'DBG_CONTINUE': 매크로 재정의
C:\Program Files (x86)\Windows Kits\10\Include\10.0.26100.0\shared\ntstatus.h(834,9): warning C4005: 'STATUS_SEGMENT_NOTIFICATION': 매크로 재정의
C:\Program Files (x86)\Windows Kits\10\Include\10.0.26100.0\shared\ntstatus.h(997,9): warning C4005: 'STATUS_FATAL_APP_EXIT': 매크로 재정의
C:\Program Files (x86)\Windows Kits\10\Include\10.0.26100.0\shared\ntstatus.h(1335,9): warning C4005: 'DBG_REPLY_LATER': 매크로 재정의
C:\Program Files (x86)\Windows Kits\10\Include\10.0.26100.0\shared\ntstatus.h(1353,9): warning C4005: 'DBG_TERMINATE_THREAD': 매크로 재정의
C:\Program Files (x86)\Windows Kits\10\Include\10.0.26100.0\shared\ntstatus.h(1362,9): warning C4005: 'DBG_TERMINATE_PROCESS': 매크로 재정의
C:\Program Files (x86)\Windows Kits\10\Include\10.0.26100.0\shared\ntstatus.h(1371,9): warning C4005: 'DBG_CONTROL_C': 매크로 재정의
C:\Program Files (x86)\Windows Kits\10\Include\10.0.26100.0\shared\ntstatus.h(1380,9): warning C4005: 'DBG_PRINTEXCEPTION_C': 매크로 재정의
C:\Program Files (x86)\Windows Kits\10\Include\10.0.26100.0\shared\ntstatus.h(1389,9): warning C4005: 'DBG_RIPEXCEPTION': 매크로 재정의
C:\Program Files (x86)\Windows Kits\10\Include\10.0.26100.0\shared\ntstatus.h(1398,9): warning C4005: 'DBG_CONTROL_BREAK': 매크로 재정의
C:\Program Files (x86)\Windows Kits\10\Include\10.0.26100.0\shared\ntstatus.h(1407,9): warning C4005: 'DBG_COMMAND_EXCEPTION': 매크로 재정의
C:\Program Files (x86)\Windows Kits\10\Include\10.0.26100.0\shared\ntstatus.h(1416,9): warning C4005: 'DBG_PRINTEXCEPTION_WIDE_C': 매크로 재정의
C:\Program Files (x86)\Windows Kits\10\Include\10.0.26100.0\shared\ntstatus.h(1448,9): warning C4005: 'STATUS_GUARD_PAGE_VIOLATION': 매크로 재정의
C:\Program Files (x86)\Windows Kits\10\Include\10.0.26100.0\shared\ntstatus.h(1459,9): warning C4005: 'STATUS_DATATYPE_MISALIGNMENT': 매크로 재정의
C:\Program Files (x86)\Windows Kits\10\Include\10.0.26100.0\shared\ntstatus.h(1470,9): warning C4005: 'STATUS_BREAKPOINT': 매크로 재정의
C:\Program Files (x86)\Windows Kits\10\Include\10.0.26100.0\shared\ntstatus.h(1481,9): warning C4005: 'STATUS_SINGLE_STEP': 매크로 재정의
C:\Program Files (x86)\Windows Kits\10\Include\10.0.26100.0\shared\ntstatus.h(1784,9): warning C4005: 'STATUS_LONGJUMP': 매크로 재정의
C:\Program Files (x86)\Windows Kits\10\Include\10.0.26100.0\shared\ntstatus.h(1811,9): warning C4005: 'STATUS_UNWIND_CONSOLIDATE': 매크로 재정의
C:\Program Files (x86)\Windows Kits\10\Include\10.0.26100.0\shared\ntstatus.h(1935,9): warning C4005: 'DBG_EXCEPTION_NOT_HANDLED': 매크로 재정의
C:\Program Files (x86)\Windows Kits\10\Include\10.0.26100.0\shared\ntstatus.h(2102,9): warning C4005: 'STATUS_ACCESS_VIOLATION': 매크로 재정의
C:\Program Files (x86)\Windows Kits\10\Include\10.0.26100.0\shared\ntstatus.h(2111,9): warning C4005: 'STATUS_IN_PAGE_ERROR': 매크로 재정의
C:\Program Files (x86)\Windows Kits\10\Include\10.0.26100.0\shared\ntstatus.h(2129,9): warning C4005: 'STATUS_INVALID_HANDLE': 매크로 재정의
C:\Program Files (x86)\Windows Kits\10\Include\10.0.26100.0\shared\ntstatus.h(2174,9): warning C4005: 'STATUS_INVALID_PARAMETER': 매크로 재정의
C:\Program Files (x86)\Windows Kits\10\Include\10.0.26100.0\shared\ntstatus.h(2274,9): warning C4005: 'STATUS_NO_MEMORY': 매크로 재정의
C:\Program Files (x86)\Windows Kits\10\Include\10.0.26100.0\shared\ntstatus.h(2331,9): warning C4005: 'STATUS_ILLEGAL_INSTRUCTION': 매크로 재정의
C:\Program Files (x86)\Windows Kits\10\Include\10.0.26100.0\shared\ntstatus.h(2412,9): warning C4005: 'STATUS_NONCONTINUABLE_EXCEPTION': 매크로 재정의
C:\Program Files (x86)\Windows Kits\10\Include\10.0.26100.0\shared\ntstatus.h(2421,9): warning C4005: 'STATUS_INVALID_DISPOSITION': 매크로 재정의
C:\Program Files (x86)\Windows Kits\10\Include\10.0.26100.0\shared\ntstatus.h(3354,9): warning C4005: 'STATUS_ARRAY_BOUNDS_EXCEEDED': 매크로 재정의
C:\Program Files (x86)\Windows Kits\10\Include\10.0.26100.0\shared\ntstatus.h(3364,9): warning C4005: 'STATUS_FLOAT_DENORMAL_OPERAND': 매크로 재정의
C:\Program Files (x86)\Windows Kits\10\Include\10.0.26100.0\shared\ntstatus.h(3374,9): warning C4005: 'STATUS_FLOAT_DIVIDE_BY_ZERO': 매크로 재정의
C:\Program Files (x86)\Windows Kits\10\Include\10.0.26100.0\shared\ntstatus.h(3384,9): warning C4005: 'STATUS_FLOAT_INEXACT_RESULT': 매크로 재정의
C:\Program Files (x86)\Windows Kits\10\Include\10.0.26100.0\shared\ntstatus.h(3394,9): warning C4005: 'STATUS_FLOAT_INVALID_OPERATION': 매크로 재정의
C:\Program Files (x86)\Windows Kits\10\Include\10.0.26100.0\shared\ntstatus.h(3404,9): warning C4005: 'STATUS_FLOAT_OVERFLOW': 매크로 재정의
C:\Program Files (x86)\Windows Kits\10\Include\10.0.26100.0\shared\ntstatus.h(3414,9): warning C4005: 'STATUS_FLOAT_STACK_CHECK': 매크로 재정의
C:\Program Files (x86)\Windows Kits\10\Include\10.0.26100.0\shared\ntstatus.h(3424,9): warning C4005: 'STATUS_FLOAT_UNDERFLOW': 매크로 재정의
C:\Program Files (x86)\Windows Kits\10\Include\10.0.26100.0\shared\ntstatus.h(3434,9): warning C4005: 'STATUS_INTEGER_DIVIDE_BY_ZERO': 매크로 재정의
C:\Program Files (x86)\Windows Kits\10\Include\10.0.26100.0\shared\ntstatus.h(3444,9): warning C4005: 'STATUS_INTEGER_OVERFLOW': 매크로 재정의
C:\Program Files (x86)\Windows Kits\10\Include\10.0.26100.0\shared\ntstatus.h(3454,9): warning C4005: 'STATUS_PRIVILEGED_INSTRUCTION': 매크로 재정의
C:\Program Files (x86)\Windows Kits\10\Include\10.0.26100.0\shared\ntstatus.h(4400,9): warning C4005: 'STATUS_STACK_OVERFLOW': 매크로 재정의
C:\Program Files (x86)\Windows Kits\10\Include\10.0.26100.0\shared\ntstatus.h(4917,9): warning C4005: 'STATUS_DLL_NOT_FOUND': 매크로 재정의
C:\Program Files (x86)\Windows Kits\10\Include\10.0.26100.0\shared\ntstatus.h(4946,9): warning C4005: 'STATUS_ORDINAL_NOT_FOUND': 매크로 재정의
C:\Program Files (x86)\Windows Kits\10\Include\10.0.26100.0\shared\ntstatus.h(4956,9): warning C4005: 'STATUS_ENTRYPOINT_NOT_FOUND': 매크로 재정의
C:\Program Files (x86)\Windows Kits\10\Include\10.0.26100.0\shared\ntstatus.h(4966,9): warning C4005: 'STATUS_CONTROL_C_EXIT': 매크로 재정의
C:\Program Files (x86)\Windows Kits\10\Include\10.0.26100.0\shared\ntstatus.h(5044,9): warning C4005: 'STATUS_DLL_INIT_FAILED': 매크로 재정의
C:\Program Files (x86)\Windows Kits\10\Include\10.0.26100.0\shared\ntstatus.h(6041,9): warning C4005: 'STATUS_CONTROL_STACK_VIOLATION': 매크로 재정의
C:\Program Files (x86)\Windows Kits\10\Include\10.0.26100.0\shared\ntstatus.h(7635,9): warning C4005: 'STATUS_FLOAT_MULTIPLE_FAULTS': 매크로 재정의
C:\Program Files (x86)\Windows Kits\10\Include\10.0.26100.0\shared\ntstatus.h(7645,9): warning C4005: 'STATUS_FLOAT_MULTIPLE_TRAPS': 매크로 재정의
C:\Program Files (x86)\Windows Kits\10\Include\10.0.26100.0\shared\ntstatus.h(7777,9): warning C4005: 'STATUS_REG_NAT_CONSUMPTION': 매크로 재정의
C:\Program Files (x86)\Windows Kits\10\Include\10.0.26100.0\shared\ntstatus.h(8760,9): warning C4005: 'STATUS_HEAP_CORRUPTION': 매크로 재정의
C:\Program Files (x86)\Windows Kits\10\Include\10.0.26100.0\shared\ntstatus.h(8988,9): warning C4005: 'STATUS_STACK_BUFFER_OVERRUN': 매크로 재정의
C:\Program Files (x86)\Windows Kits\10\Include\10.0.26100.0\shared\ntstatus.h(9115,9): warning C4005: 'STATUS_INVALID_CRUNTIME_PARAMETER': 매크로 재정의
C:\Program Files (x86)\Windows Kits\10\Include\10.0.26100.0\shared\ntstatus.h(9178,9): warning C4005: 'STATUS_ASSERTION_FAILURE': 매크로 재정의
C:\Program Files (x86)\Windows Kits\10\Include\10.0.26100.0\shared\ntstatus.h(10087,9): warning C4005: 'STATUS_ENCLAVE_VIOLATION': 매크로 재정의
C:\Program Files (x86)\Windows Kits\10\Include\10.0.26100.0\shared\ntstatus.h(10874,9): warning C4005: 'STATUS_INTERRUPTED': 매크로 재정의
C:\Program Files (x86)\Windows Kits\10\Include\10.0.26100.0\shared\ntstatus.h(10883,9): warning C4005: 'STATUS_THREAD_NOT_RUNNING': 매크로 재정의
C:\Program Files (x86)\Windows Kits\10\Include\10.0.26100.0\shared\ntstatus.h(11195,9): warning C4005: 'STATUS_ALREADY_REGISTERED': 매크로 재정의
C:\Program Files (x86)\Windows Kits\10\Include\10.0.26100.0\shared\ntstatus.h(15290,9): warning C4005: 'STATUS_SXS_EARLY_DEACTIVATION': 매크로 재정의
C:\Program Files (x86)\Windows Kits\10\Include\10.0.26100.0\shared\ntstatus.h(15299,9): warning C4005: 'STATUS_SXS_INVALID_DEACTIVATION': 매크로 재정의
  KERNELBASED_DLL_INJECTION__.cpp
C:\Program Files (x86)\Windows Kits\10\Include\10.0.26100.0\shared\ntstatus.h(66,9): warning C4005: 'STATUS_WAIT_0': 매크로 재정의
C:\Program Files (x86)\Windows Kits\10\Include\10.0.26100.0\shared\ntstatus.h(226,9): warning C4005: 'STATUS_ABANDONED_WAIT_0': 매크로 재정의
C:\Program Files (x86)\Windows Kits\10\Include\10.0.26100.0\shared\ntstatus.h(249,9): warning C4005: 'STATUS_USER_APC': 매크로 재정의
C:\Program Files (x86)\Windows Kits\10\Include\10.0.26100.0\shared\ntstatus.h(285,9): warning C4005: 'STATUS_TIMEOUT': 매크로 재정의
C:\Program Files (x86)\Windows Kits\10\Include\10.0.26100.0\shared\ntstatus.h(294,9): warning C4005: 'STATUS_PENDING': 매크로 재정의
C:\Program Files (x86)\Windows Kits\10\Include\10.0.26100.0\shared\ntstatus.h(750,9): warning C4005: 'DBG_EXCEPTION_HANDLED': 매크로 재정의
C:\Program Files (x86)\Windows Kits\10\Include\10.0.26100.0\shared\ntstatus.h(759,9): warning C4005: 'DBG_CONTINUE': 매크로 재정의
C:\Program Files (x86)\Windows Kits\10\Include\10.0.26100.0\shared\ntstatus.h(834,9): warning C4005: 'STATUS_SEGMENT_NOTIFICATION': 매크로 재정의
C:\Program Files (x86)\Windows Kits\10\Include\10.0.26100.0\shared\ntstatus.h(997,9): warning C4005: 'STATUS_FATAL_APP_EXIT': 매크로 재정의
C:\Program Files (x86)\Windows Kits\10\Include\10.0.26100.0\shared\ntstatus.h(1335,9): warning C4005: 'DBG_REPLY_LATER': 매크로 재정의
C:\Program Files (x86)\Windows Kits\10\Include\10.0.26100.0\shared\ntstatus.h(1353,9): warning C4005: 'DBG_TERMINATE_THREAD': 매크로 재정의
C:\Program Files (x86)\Windows Kits\10\Include\10.0.26100.0\shared\ntstatus.h(1362,9): warning C4005: 'DBG_TERMINATE_PROCESS': 매크로 재정의
C:\Program Files (x86)\Windows Kits\10\Include\10.0.26100.0\shared\ntstatus.h(1371,9): warning C4005: 'DBG_CONTROL_C': 매크로 재정의
C:\Program Files (x86)\Windows Kits\10\Include\10.0.26100.0\shared\ntstatus.h(1380,9): warning C4005: 'DBG_PRINTEXCEPTION_C': 매크로 재정의
C:\Program Files (x86)\Windows Kits\10\Include\10.0.26100.0\shared\ntstatus.h(1389,9): warning C4005: 'DBG_RIPEXCEPTION': 매크로 재정의
C:\Program Files (x86)\Windows Kits\10\Include\10.0.26100.0\shared\ntstatus.h(1398,9): warning C4005: 'DBG_CONTROL_BREAK': 매크로 재정의
C:\Program Files (x86)\Windows Kits\10\Include\10.0.26100.0\shared\ntstatus.h(1407,9): warning C4005: 'DBG_COMMAND_EXCEPTION': 매크로 재정의
C:\Program Files (x86)\Windows Kits\10\Include\10.0.26100.0\shared\ntstatus.h(1416,9): warning C4005: 'DBG_PRINTEXCEPTION_WIDE_C': 매크로 재정의
C:\Program Files (x86)\Windows Kits\10\Include\10.0.26100.0\shared\ntstatus.h(1448,9): warning C4005: 'STATUS_GUARD_PAGE_VIOLATION': 매크로 재정의
C:\Program Files (x86)\Windows Kits\10\Include\10.0.26100.0\shared\ntstatus.h(1459,9): warning C4005: 'STATUS_DATATYPE_MISALIGNMENT': 매크로 재정의
C:\Program Files (x86)\Windows Kits\10\Include\10.0.26100.0\shared\ntstatus.h(1470,9): warning C4005: 'STATUS_BREAKPOINT': 매크로 재정의
C:\Program Files (x86)\Windows Kits\10\Include\10.0.26100.0\shared\ntstatus.h(1481,9): warning C4005: 'STATUS_SINGLE_STEP': 매크로 재정의
C:\Program Files (x86)\Windows Kits\10\Include\10.0.26100.0\shared\ntstatus.h(1784,9): warning C4005: 'STATUS_LONGJUMP': 매크로 재정의
C:\Program Files (x86)\Windows Kits\10\Include\10.0.26100.0\shared\ntstatus.h(1811,9): warning C4005: 'STATUS_UNWIND_CONSOLIDATE': 매크로 재정의
C:\Program Files (x86)\Windows Kits\10\Include\10.0.26100.0\shared\ntstatus.h(1935,9): warning C4005: 'DBG_EXCEPTION_NOT_HANDLED': 매크로 재정의
C:\Program Files (x86)\Windows Kits\10\Include\10.0.26100.0\shared\ntstatus.h(2102,9): warning C4005: 'STATUS_ACCESS_VIOLATION': 매크로 재정의
C:\Program Files (x86)\Windows Kits\10\Include\10.0.26100.0\shared\ntstatus.h(2111,9): warning C4005: 'STATUS_IN_PAGE_ERROR': 매크로 재정의
C:\Program Files (x86)\Windows Kits\10\Include\10.0.26100.0\shared\ntstatus.h(2129,9): warning C4005: 'STATUS_INVALID_HANDLE': 매크로 재정의
C:\Program Files (x86)\Windows Kits\10\Include\10.0.26100.0\shared\ntstatus.h(2174,9): warning C4005: 'STATUS_INVALID_PARAMETER': 매크로 재정의
C:\Program Files (x86)\Windows Kits\10\Include\10.0.26100.0\shared\ntstatus.h(2274,9): warning C4005: 'STATUS_NO_MEMORY': 매크로 재정의
C:\Program Files (x86)\Windows Kits\10\Include\10.0.26100.0\shared\ntstatus.h(2331,9): warning C4005: 'STATUS_ILLEGAL_INSTRUCTION': 매크로 재정의
C:\Program Files (x86)\Windows Kits\10\Include\10.0.26100.0\shared\ntstatus.h(2412,9): warning C4005: 'STATUS_NONCONTINUABLE_EXCEPTION': 매크로 재정의
C:\Program Files (x86)\Windows Kits\10\Include\10.0.26100.0\shared\ntstatus.h(2421,9): warning C4005: 'STATUS_INVALID_DISPOSITION': 매크로 재정의
C:\Program Files (x86)\Windows Kits\10\Include\10.0.26100.0\shared\ntstatus.h(3354,9): warning C4005: 'STATUS_ARRAY_BOUNDS_EXCEEDED': 매크로 재정의
C:\Program Files (x86)\Windows Kits\10\Include\10.0.26100.0\shared\ntstatus.h(3364,9): warning C4005: 'STATUS_FLOAT_DENORMAL_OPERAND': 매크로 재정의
C:\Program Files (x86)\Windows Kits\10\Include\10.0.26100.0\shared\ntstatus.h(3374,9): warning C4005: 'STATUS_FLOAT_DIVIDE_BY_ZERO': 매크로 재정의
C:\Program Files (x86)\Windows Kits\10\Include\10.0.26100.0\shared\ntstatus.h(3384,9): warning C4005: 'STATUS_FLOAT_INEXACT_RESULT': 매크로 재정의
C:\Program Files (x86)\Windows Kits\10\Include\10.0.26100.0\shared\ntstatus.h(3394,9): warning C4005: 'STATUS_FLOAT_INVALID_OPERATION': 매크로 재정의
C:\Program Files (x86)\Windows Kits\10\Include\10.0.26100.0\shared\ntstatus.h(3404,9): warning C4005: 'STATUS_FLOAT_OVERFLOW': 매크로 재정의
C:\Program Files (x86)\Windows Kits\10\Include\10.0.26100.0\shared\ntstatus.h(3414,9): warning C4005: 'STATUS_FLOAT_STACK_CHECK': 매크로 재정의
C:\Program Files (x86)\Windows Kits\10\Include\10.0.26100.0\shared\ntstatus.h(3424,9): warning C4005: 'STATUS_FLOAT_UNDERFLOW': 매크로 재정의
C:\Program Files (x86)\Windows Kits\10\Include\10.0.26100.0\shared\ntstatus.h(3434,9): warning C4005: 'STATUS_INTEGER_DIVIDE_BY_ZERO': 매크로 재정의
C:\Program Files (x86)\Windows Kits\10\Include\10.0.26100.0\shared\ntstatus.h(3444,9): warning C4005: 'STATUS_INTEGER_OVERFLOW': 매크로 재정의
C:\Program Files (x86)\Windows Kits\10\Include\10.0.26100.0\shared\ntstatus.h(3454,9): warning C4005: 'STATUS_PRIVILEGED_INSTRUCTION': 매크로 재정의
C:\Program Files (x86)\Windows Kits\10\Include\10.0.26100.0\shared\ntstatus.h(4400,9): warning C4005: 'STATUS_STACK_OVERFLOW': 매크로 재정의
C:\Program Files (x86)\Windows Kits\10\Include\10.0.26100.0\shared\ntstatus.h(4917,9): warning C4005: 'STATUS_DLL_NOT_FOUND': 매크로 재정의
C:\Program Files (x86)\Windows Kits\10\Include\10.0.26100.0\shared\ntstatus.h(4946,9): warning C4005: 'STATUS_ORDINAL_NOT_FOUND': 매크로 재정의
C:\Program Files (x86)\Windows Kits\10\Include\10.0.26100.0\shared\ntstatus.h(4956,9): warning C4005: 'STATUS_ENTRYPOINT_NOT_FOUND': 매크로 재정의
C:\Program Files (x86)\Windows Kits\10\Include\10.0.26100.0\shared\ntstatus.h(4966,9): warning C4005: 'STATUS_CONTROL_C_EXIT': 매크로 재정의
C:\Program Files (x86)\Windows Kits\10\Include\10.0.26100.0\shared\ntstatus.h(5044,9): warning C4005: 'STATUS_DLL_INIT_FAILED': 매크로 재정의
C:\Program Files (x86)\Windows Kits\10\Include\10.0.26100.0\shared\ntstatus.h(6041,9): warning C4005: 'STATUS_CONTROL_STACK_VIOLATION': 매크로 재정의
C:\Program Files (x86)\Windows Kits\10\Include\10.0.26100.0\shared\ntstatus.h(7635,9): warning C4005: 'STATUS_FLOAT_MULTIPLE_FAULTS': 매크로 재정의
C:\Program Files (x86)\Windows Kits\10\Include\10.0.26100.0\shared\ntstatus.h(7645,9): warning C4005: 'STATUS_FLOAT_MULTIPLE_TRAPS': 매크로 재정의
C:\Program Files (x86)\Windows Kits\10\Include\10.0.26100.0\shared\ntstatus.h(7777,9): warning C4005: 'STATUS_REG_NAT_CONSUMPTION': 매크로 재정의
C:\Program Files (x86)\Windows Kits\10\Include\10.0.26100.0\shared\ntstatus.h(8760,9): warning C4005: 'STATUS_HEAP_CORRUPTION': 매크로 재정의
C:\Program Files (x86)\Windows Kits\10\Include\10.0.26100.0\shared\ntstatus.h(8988,9): warning C4005: 'STATUS_STACK_BUFFER_OVERRUN': 매크로 재정의
C:\Program Files (x86)\Windows Kits\10\Include\10.0.26100.0\shared\ntstatus.h(9115,9): warning C4005: 'STATUS_INVALID_CRUNTIME_PARAMETER': 매크로 재정의
C:\Program Files (x86)\Windows Kits\10\Include\10.0.26100.0\shared\ntstatus.h(9178,9): warning C4005: 'STATUS_ASSERTION_FAILURE': 매크로 재정의
C:\Program Files (x86)\Windows Kits\10\Include\10.0.26100.0\shared\ntstatus.h(10087,9): warning C4005: 'STATUS_ENCLAVE_VIOLATION': 매크로 재정의
C:\Program Files (x86)\Windows Kits\10\Include\10.0.26100.0\shared\ntstatus.h(10874,9): warning C4005: 'STATUS_INTERRUPTED': 매크로 재정의
C:\Program Files (x86)\Windows Kits\10\Include\10.0.26100.0\shared\ntstatus.h(10883,9): warning C4005: 'STATUS_THREAD_NOT_RUNNING': 매크로 재정의
C:\Program Files (x86)\Windows Kits\10\Include\10.0.26100.0\shared\ntstatus.h(11195,9): warning C4005: 'STATUS_ALREADY_REGISTERED': 매크로 재정의
C:\Program Files (x86)\Windows Kits\10\Include\10.0.26100.0\shared\ntstatus.h(15290,9): warning C4005: 'STATUS_SXS_EARLY_DEACTIVATION': 매크로 재정의
C:\Program Files (x86)\Windows Kits\10\Include\10.0.26100.0\shared\ntstatus.h(15299,9): warning C4005: 'STATUS_SXS_INVALID_DEACTIVATION': 매크로 재정의
C:\Users\Administrator\source\repos\MFC_GAME_HACK\MFC_GAME_HACK\KERNELBASED_DLL_INJECTION__.cpp(97,8): warning C4312: '형식 캐스트': 'unsigned long'에서 더 큰 'HANDLE'(으)로의 변환입니다.
C:\Users\Administrator\source\repos\MFC_GAME_HACK\MFC_GAME_HACK\KERNELBASED_DLL_INJECTION__.cpp(130,45): warning C4267: '=': 'size_t'에서 'ULONG32'(으)로 변환하면서 데이터가 손실될 수 있습니다.
C:\Users\Administrator\source\repos\MFC_GAME_HACK\MFC_GAME_HACK\KERNELBASED_DLL_INJECTION__.cpp(137,52): warning C4267: '=': 'size_t'에서 'ULONG32'(으)로 변환하면서 데이터가 손실될 수 있습니다.
C:\Users\Administrator\source\repos\MFC_GAME_HACK\MFC_GAME_HACK\KERNELBASED_DLL_INJECTION__.cpp(153,36): warning C4312: '형식 캐스트': 'DWORD'에서 더 큰 'HANDLE'(으)로의 변환입니다.
C:\Users\Administrator\source\repos\MFC_GAME_HACK\MFC_GAME_HACK\KERNELBASED_DLL_INJECTION__.cpp(147,9): warning C4101: 'Allocated_DLL_PATH' :참조되지 않은 지역 변수입니다.
  MEM_DUMP_logic.cpp
  MEM_PAGE_SCAN_CLASS.cpp
C:\Program Files (x86)\Windows Kits\10\Include\10.0.26100.0\shared\ntstatus.h(66,9): warning C4005: 'STATUS_WAIT_0': 매크로 재정의
C:\Program Files (x86)\Windows Kits\10\Include\10.0.26100.0\shared\ntstatus.h(226,9): warning C4005: 'STATUS_ABANDONED_WAIT_0': 매크로 재정의
C:\Program Files (x86)\Windows Kits\10\Include\10.0.26100.0\shared\ntstatus.h(249,9): warning C4005: 'STATUS_USER_APC': 매크로 재정의
C:\Program Files (x86)\Windows Kits\10\Include\10.0.26100.0\shared\ntstatus.h(285,9): warning C4005: 'STATUS_TIMEOUT': 매크로 재정의
C:\Program Files (x86)\Windows Kits\10\Include\10.0.26100.0\shared\ntstatus.h(294,9): warning C4005: 'STATUS_PENDING': 매크로 재정의
C:\Program Files (x86)\Windows Kits\10\Include\10.0.26100.0\shared\ntstatus.h(750,9): warning C4005: 'DBG_EXCEPTION_HANDLED': 매크로 재정의
C:\Program Files (x86)\Windows Kits\10\Include\10.0.26100.0\shared\ntstatus.h(759,9): warning C4005: 'DBG_CONTINUE': 매크로 재정의
C:\Program Files (x86)\Windows Kits\10\Include\10.0.26100.0\shared\ntstatus.h(834,9): warning C4005: 'STATUS_SEGMENT_NOTIFICATION': 매크로 재정의
C:\Program Files (x86)\Windows Kits\10\Include\10.0.26100.0\shared\ntstatus.h(997,9): warning C4005: 'STATUS_FATAL_APP_EXIT': 매크로 재정의
C:\Program Files (x86)\Windows Kits\10\Include\10.0.26100.0\shared\ntstatus.h(1335,9): warning C4005: 'DBG_REPLY_LATER': 매크로 재정의
C:\Program Files (x86)\Windows Kits\10\Include\10.0.26100.0\shared\ntstatus.h(1353,9): warning C4005: 'DBG_TERMINATE_THREAD': 매크로 재정의
C:\Program Files (x86)\Windows Kits\10\Include\10.0.26100.0\shared\ntstatus.h(1362,9): warning C4005: 'DBG_TERMINATE_PROCESS': 매크로 재정의
C:\Program Files (x86)\Windows Kits\10\Include\10.0.26100.0\shared\ntstatus.h(1371,9): warning C4005: 'DBG_CONTROL_C': 매크로 재정의
C:\Program Files (x86)\Windows Kits\10\Include\10.0.26100.0\shared\ntstatus.h(1380,9): warning C4005: 'DBG_PRINTEXCEPTION_C': 매크로 재정의
C:\Program Files (x86)\Windows Kits\10\Include\10.0.26100.0\shared\ntstatus.h(1389,9): warning C4005: 'DBG_RIPEXCEPTION': 매크로 재정의
C:\Program Files (x86)\Windows Kits\10\Include\10.0.26100.0\shared\ntstatus.h(1398,9): warning C4005: 'DBG_CONTROL_BREAK': 매크로 재정의
C:\Program Files (x86)\Windows Kits\10\Include\10.0.26100.0\shared\ntstatus.h(1407,9): warning C4005: 'DBG_COMMAND_EXCEPTION': 매크로 재정의
C:\Program Files (x86)\Windows Kits\10\Include\10.0.26100.0\shared\ntstatus.h(1416,9): warning C4005: 'DBG_PRINTEXCEPTION_WIDE_C': 매크로 재정의
C:\Program Files (x86)\Windows Kits\10\Include\10.0.26100.0\shared\ntstatus.h(1448,9): warning C4005: 'STATUS_GUARD_PAGE_VIOLATION': 매크로 재정의
C:\Program Files (x86)\Windows Kits\10\Include\10.0.26100.0\shared\ntstatus.h(1459,9): warning C4005: 'STATUS_DATATYPE_MISALIGNMENT': 매크로 재정의
C:\Program Files (x86)\Windows Kits\10\Include\10.0.26100.0\shared\ntstatus.h(1470,9): warning C4005: 'STATUS_BREAKPOINT': 매크로 재정의
C:\Program Files (x86)\Windows Kits\10\Include\10.0.26100.0\shared\ntstatus.h(1481,9): warning C4005: 'STATUS_SINGLE_STEP': 매크로 재정의
C:\Program Files (x86)\Windows Kits\10\Include\10.0.26100.0\shared\ntstatus.h(1784,9): warning C4005: 'STATUS_LONGJUMP': 매크로 재정의
C:\Program Files (x86)\Windows Kits\10\Include\10.0.26100.0\shared\ntstatus.h(1811,9): warning C4005: 'STATUS_UNWIND_CONSOLIDATE': 매크로 재정의
C:\Program Files (x86)\Windows Kits\10\Include\10.0.26100.0\shared\ntstatus.h(1935,9): warning C4005: 'DBG_EXCEPTION_NOT_HANDLED': 매크로 재정의
C:\Program Files (x86)\Windows Kits\10\Include\10.0.26100.0\shared\ntstatus.h(2102,9): warning C4005: 'STATUS_ACCESS_VIOLATION': 매크로 재정의
C:\Program Files (x86)\Windows Kits\10\Include\10.0.26100.0\shared\ntstatus.h(2111,9): warning C4005: 'STATUS_IN_PAGE_ERROR': 매크로 재정의
C:\Program Files (x86)\Windows Kits\10\Include\10.0.26100.0\shared\ntstatus.h(2129,9): warning C4005: 'STATUS_INVALID_HANDLE': 매크로 재정의
C:\Program Files (x86)\Windows Kits\10\Include\10.0.26100.0\shared\ntstatus.h(2174,9): warning C4005: 'STATUS_INVALID_PARAMETER': 매크로 재정의
C:\Program Files (x86)\Windows Kits\10\Include\10.0.26100.0\shared\ntstatus.h(2274,9): warning C4005: 'STATUS_NO_MEMORY': 매크로 재정의
C:\Program Files (x86)\Windows Kits\10\Include\10.0.26100.0\shared\ntstatus.h(2331,9): warning C4005: 'STATUS_ILLEGAL_INSTRUCTION': 매크로 재정의
C:\Program Files (x86)\Windows Kits\10\Include\10.0.26100.0\shared\ntstatus.h(2412,9): warning C4005: 'STATUS_NONCONTINUABLE_EXCEPTION': 매크로 재정의
C:\Program Files (x86)\Windows Kits\10\Include\10.0.26100.0\shared\ntstatus.h(2421,9): warning C4005: 'STATUS_INVALID_DISPOSITION': 매크로 재정의
C:\Program Files (x86)\Windows Kits\10\Include\10.0.26100.0\shared\ntstatus.h(3354,9): warning C4005: 'STATUS_ARRAY_BOUNDS_EXCEEDED': 매크로 재정의
C:\Program Files (x86)\Windows Kits\10\Include\10.0.26100.0\shared\ntstatus.h(3364,9): warning C4005: 'STATUS_FLOAT_DENORMAL_OPERAND': 매크로 재정의
C:\Program Files (x86)\Windows Kits\10\Include\10.0.26100.0\shared\ntstatus.h(3374,9): warning C4005: 'STATUS_FLOAT_DIVIDE_BY_ZERO': 매크로 재정의
C:\Program Files (x86)\Windows Kits\10\Include\10.0.26100.0\shared\ntstatus.h(3384,9): warning C4005: 'STATUS_FLOAT_INEXACT_RESULT': 매크로 재정의
C:\Program Files (x86)\Windows Kits\10\Include\10.0.26100.0\shared\ntstatus.h(3394,9): warning C4005: 'STATUS_FLOAT_INVALID_OPERATION': 매크로 재정의
C:\Program Files (x86)\Windows Kits\10\Include\10.0.26100.0\shared\ntstatus.h(3404,9): warning C4005: 'STATUS_FLOAT_OVERFLOW': 매크로 재정의
C:\Program Files (x86)\Windows Kits\10\Include\10.0.26100.0\shared\ntstatus.h(3414,9): warning C4005: 'STATUS_FLOAT_STACK_CHECK': 매크로 재정의
C:\Program Files (x86)\Windows Kits\10\Include\10.0.26100.0\shared\ntstatus.h(3424,9): warning C4005: 'STATUS_FLOAT_UNDERFLOW': 매크로 재정의
C:\Program Files (x86)\Windows Kits\10\Include\10.0.26100.0\shared\ntstatus.h(3434,9): warning C4005: 'STATUS_INTEGER_DIVIDE_BY_ZERO': 매크로 재정의
C:\Program Files (x86)\Windows Kits\10\Include\10.0.26100.0\shared\ntstatus.h(3444,9): warning C4005: 'STATUS_INTEGER_OVERFLOW': 매크로 재정의
C:\Program Files (x86)\Windows Kits\10\Include\10.0.26100.0\shared\ntstatus.h(3454,9): warning C4005: 'STATUS_PRIVILEGED_INSTRUCTION': 매크로 재정의
C:\Program Files (x86)\Windows Kits\10\Include\10.0.26100.0\shared\ntstatus.h(4400,9): warning C4005: 'STATUS_STACK_OVERFLOW': 매크로 재정의
C:\Program Files (x86)\Windows Kits\10\Include\10.0.26100.0\shared\ntstatus.h(4917,9): warning C4005: 'STATUS_DLL_NOT_FOUND': 매크로 재정의
C:\Program Files (x86)\Windows Kits\10\Include\10.0.26100.0\shared\ntstatus.h(4946,9): warning C4005: 'STATUS_ORDINAL_NOT_FOUND': 매크로 재정의
C:\Program Files (x86)\Windows Kits\10\Include\10.0.26100.0\shared\ntstatus.h(4956,9): warning C4005: 'STATUS_ENTRYPOINT_NOT_FOUND': 매크로 재정의
C:\Program Files (x86)\Windows Kits\10\Include\10.0.26100.0\shared\ntstatus.h(4966,9): warning C4005: 'STATUS_CONTROL_C_EXIT': 매크로 재정의
C:\Program Files (x86)\Windows Kits\10\Include\10.0.26100.0\shared\ntstatus.h(5044,9): warning C4005: 'STATUS_DLL_INIT_FAILED': 매크로 재정의
C:\Program Files (x86)\Windows Kits\10\Include\10.0.26100.0\shared\ntstatus.h(6041,9): warning C4005: 'STATUS_CONTROL_STACK_VIOLATION': 매크로 재정의
C:\Program Files (x86)\Windows Kits\10\Include\10.0.26100.0\shared\ntstatus.h(7635,9): warning C4005: 'STATUS_FLOAT_MULTIPLE_FAULTS': 매크로 재정의
C:\Program Files (x86)\Windows Kits\10\Include\10.0.26100.0\shared\ntstatus.h(7645,9): warning C4005: 'STATUS_FLOAT_MULTIPLE_TRAPS': 매크로 재정의
C:\Program Files (x86)\Windows Kits\10\Include\10.0.26100.0\shared\ntstatus.h(7777,9): warning C4005: 'STATUS_REG_NAT_CONSUMPTION': 매크로 재정의
C:\Program Files (x86)\Windows Kits\10\Include\10.0.26100.0\shared\ntstatus.h(8760,9): warning C4005: 'STATUS_HEAP_CORRUPTION': 매크로 재정의
C:\Program Files (x86)\Windows Kits\10\Include\10.0.26100.0\shared\ntstatus.h(8988,9): warning C4005: 'STATUS_STACK_BUFFER_OVERRUN': 매크로 재정의
C:\Program Files (x86)\Windows Kits\10\Include\10.0.26100.0\shared\ntstatus.h(9115,9): warning C4005: 'STATUS_INVALID_CRUNTIME_PARAMETER': 매크로 재정의
C:\Program Files (x86)\Windows Kits\10\Include\10.0.26100.0\shared\ntstatus.h(9178,9): warning C4005: 'STATUS_ASSERTION_FAILURE': 매크로 재정의
C:\Program Files (x86)\Windows Kits\10\Include\10.0.26100.0\shared\ntstatus.h(10087,9): warning C4005: 'STATUS_ENCLAVE_VIOLATION': 매크로 재정의
C:\Program Files (x86)\Windows Kits\10\Include\10.0.26100.0\shared\ntstatus.h(10874,9): warning C4005: 'STATUS_INTERRUPTED': 매크로 재정의
C:\Program Files (x86)\Windows Kits\10\Include\10.0.26100.0\shared\ntstatus.h(10883,9): warning C4005: 'STATUS_THREAD_NOT_RUNNING': 매크로 재정의
C:\Program Files (x86)\Windows Kits\10\Include\10.0.26100.0\shared\ntstatus.h(11195,9): warning C4005: 'STATUS_ALREADY_REGISTERED': 매크로 재정의
C:\Program Files (x86)\Windows Kits\10\Include\10.0.26100.0\shared\ntstatus.h(15290,9): warning C4005: 'STATUS_SXS_EARLY_DEACTIVATION': 매크로 재정의
C:\Program Files (x86)\Windows Kits\10\Include\10.0.26100.0\shared\ntstatus.h(15299,9): warning C4005: 'STATUS_SXS_INVALID_DEACTIVATION': 매크로 재정의
C:\Users\Administrator\source\repos\MFC_GAME_HACK\MFC_GAME_HACK\MEM_PAGE_SCAN_CLASS.cpp(81,36): warning C4312: '형식 캐스트': 'DWORD'에서 더 큰 'HANDLE'(으)로의 변환입니다.
  MEM_SCAN_WIN.cpp
C:\Program Files (x86)\Windows Kits\10\Include\10.0.26100.0\shared\ntstatus.h(66,9): warning C4005: 'STATUS_WAIT_0': 매크로 재정의
C:\Program Files (x86)\Windows Kits\10\Include\10.0.26100.0\shared\ntstatus.h(226,9): warning C4005: 'STATUS_ABANDONED_WAIT_0': 매크로 재정의
C:\Program Files (x86)\Windows Kits\10\Include\10.0.26100.0\shared\ntstatus.h(249,9): warning C4005: 'STATUS_USER_APC': 매크로 재정의
C:\Program Files (x86)\Windows Kits\10\Include\10.0.26100.0\shared\ntstatus.h(285,9): warning C4005: 'STATUS_TIMEOUT': 매크로 재정의
C:\Program Files (x86)\Windows Kits\10\Include\10.0.26100.0\shared\ntstatus.h(294,9): warning C4005: 'STATUS_PENDING': 매크로 재정의
C:\Program Files (x86)\Windows Kits\10\Include\10.0.26100.0\shared\ntstatus.h(750,9): warning C4005: 'DBG_EXCEPTION_HANDLED': 매크로 재정의
C:\Program Files (x86)\Windows Kits\10\Include\10.0.26100.0\shared\ntstatus.h(759,9): warning C4005: 'DBG_CONTINUE': 매크로 재정의
C:\Program Files (x86)\Windows Kits\10\Include\10.0.26100.0\shared\ntstatus.h(834,9): warning C4005: 'STATUS_SEGMENT_NOTIFICATION': 매크로 재정의
C:\Program Files (x86)\Windows Kits\10\Include\10.0.26100.0\shared\ntstatus.h(997,9): warning C4005: 'STATUS_FATAL_APP_EXIT': 매크로 재정의
C:\Program Files (x86)\Windows Kits\10\Include\10.0.26100.0\shared\ntstatus.h(1335,9): warning C4005: 'DBG_REPLY_LATER': 매크로 재정의
C:\Program Files (x86)\Windows Kits\10\Include\10.0.26100.0\shared\ntstatus.h(1353,9): warning C4005: 'DBG_TERMINATE_THREAD': 매크로 재정의
C:\Program Files (x86)\Windows Kits\10\Include\10.0.26100.0\shared\ntstatus.h(1362,9): warning C4005: 'DBG_TERMINATE_PROCESS': 매크로 재정의
C:\Program Files (x86)\Windows Kits\10\Include\10.0.26100.0\shared\ntstatus.h(1371,9): warning C4005: 'DBG_CONTROL_C': 매크로 재정의
C:\Program Files (x86)\Windows Kits\10\Include\10.0.26100.0\shared\ntstatus.h(1380,9): warning C4005: 'DBG_PRINTEXCEPTION_C': 매크로 재정의
C:\Program Files (x86)\Windows Kits\10\Include\10.0.26100.0\shared\ntstatus.h(1389,9): warning C4005: 'DBG_RIPEXCEPTION': 매크로 재정의
C:\Program Files (x86)\Windows Kits\10\Include\10.0.26100.0\shared\ntstatus.h(1398,9): warning C4005: 'DBG_CONTROL_BREAK': 매크로 재정의
C:\Program Files (x86)\Windows Kits\10\Include\10.0.26100.0\shared\ntstatus.h(1407,9): warning C4005: 'DBG_COMMAND_EXCEPTION': 매크로 재정의
C:\Program Files (x86)\Windows Kits\10\Include\10.0.26100.0\shared\ntstatus.h(1416,9): warning C4005: 'DBG_PRINTEXCEPTION_WIDE_C': 매크로 재정의
C:\Program Files (x86)\Windows Kits\10\Include\10.0.26100.0\shared\ntstatus.h(1448,9): warning C4005: 'STATUS_GUARD_PAGE_VIOLATION': 매크로 재정의
C:\Program Files (x86)\Windows Kits\10\Include\10.0.26100.0\shared\ntstatus.h(1459,9): warning C4005: 'STATUS_DATATYPE_MISALIGNMENT': 매크로 재정의
C:\Program Files (x86)\Windows Kits\10\Include\10.0.26100.0\shared\ntstatus.h(1470,9): warning C4005: 'STATUS_BREAKPOINT': 매크로 재정의
C:\Program Files (x86)\Windows Kits\10\Include\10.0.26100.0\shared\ntstatus.h(1481,9): warning C4005: 'STATUS_SINGLE_STEP': 매크로 재정의
C:\Program Files (x86)\Windows Kits\10\Include\10.0.26100.0\shared\ntstatus.h(1784,9): warning C4005: 'STATUS_LONGJUMP': 매크로 재정의
C:\Program Files (x86)\Windows Kits\10\Include\10.0.26100.0\shared\ntstatus.h(1811,9): warning C4005: 'STATUS_UNWIND_CONSOLIDATE': 매크로 재정의
C:\Program Files (x86)\Windows Kits\10\Include\10.0.26100.0\shared\ntstatus.h(1935,9): warning C4005: 'DBG_EXCEPTION_NOT_HANDLED': 매크로 재정의
C:\Program Files (x86)\Windows Kits\10\Include\10.0.26100.0\shared\ntstatus.h(2102,9): warning C4005: 'STATUS_ACCESS_VIOLATION': 매크로 재정의
C:\Program Files (x86)\Windows Kits\10\Include\10.0.26100.0\shared\ntstatus.h(2111,9): warning C4005: 'STATUS_IN_PAGE_ERROR': 매크로 재정의
C:\Program Files (x86)\Windows Kits\10\Include\10.0.26100.0\shared\ntstatus.h(2129,9): warning C4005: 'STATUS_INVALID_HANDLE': 매크로 재정의
C:\Program Files (x86)\Windows Kits\10\Include\10.0.26100.0\shared\ntstatus.h(2174,9): warning C4005: 'STATUS_INVALID_PARAMETER': 매크로 재정의
C:\Program Files (x86)\Windows Kits\10\Include\10.0.26100.0\shared\ntstatus.h(2274,9): warning C4005: 'STATUS_NO_MEMORY': 매크로 재정의
C:\Program Files (x86)\Windows Kits\10\Include\10.0.26100.0\shared\ntstatus.h(2331,9): warning C4005: 'STATUS_ILLEGAL_INSTRUCTION': 매크로 재정의
C:\Program Files (x86)\Windows Kits\10\Include\10.0.26100.0\shared\ntstatus.h(2412,9): warning C4005: 'STATUS_NONCONTINUABLE_EXCEPTION': 매크로 재정의
C:\Program Files (x86)\Windows Kits\10\Include\10.0.26100.0\shared\ntstatus.h(2421,9): warning C4005: 'STATUS_INVALID_DISPOSITION': 매크로 재정의
C:\Program Files (x86)\Windows Kits\10\Include\10.0.26100.0\shared\ntstatus.h(3354,9): warning C4005: 'STATUS_ARRAY_BOUNDS_EXCEEDED': 매크로 재정의
C:\Program Files (x86)\Windows Kits\10\Include\10.0.26100.0\shared\ntstatus.h(3364,9): warning C4005: 'STATUS_FLOAT_DENORMAL_OPERAND': 매크로 재정의
C:\Program Files (x86)\Windows Kits\10\Include\10.0.26100.0\shared\ntstatus.h(3374,9): warning C4005: 'STATUS_FLOAT_DIVIDE_BY_ZERO': 매크로 재정의
C:\Program Files (x86)\Windows Kits\10\Include\10.0.26100.0\shared\ntstatus.h(3384,9): warning C4005: 'STATUS_FLOAT_INEXACT_RESULT': 매크로 재정의
C:\Program Files (x86)\Windows Kits\10\Include\10.0.26100.0\shared\ntstatus.h(3394,9): warning C4005: 'STATUS_FLOAT_INVALID_OPERATION': 매크로 재정의
C:\Program Files (x86)\Windows Kits\10\Include\10.0.26100.0\shared\ntstatus.h(3404,9): warning C4005: 'STATUS_FLOAT_OVERFLOW': 매크로 재정의
C:\Program Files (x86)\Windows Kits\10\Include\10.0.26100.0\shared\ntstatus.h(3414,9): warning C4005: 'STATUS_FLOAT_STACK_CHECK': 매크로 재정의
C:\Program Files (x86)\Windows Kits\10\Include\10.0.26100.0\shared\ntstatus.h(3424,9): warning C4005: 'STATUS_FLOAT_UNDERFLOW': 매크로 재정의
C:\Program Files (x86)\Windows Kits\10\Include\10.0.26100.0\shared\ntstatus.h(3434,9): warning C4005: 'STATUS_INTEGER_DIVIDE_BY_ZERO': 매크로 재정의
C:\Program Files (x86)\Windows Kits\10\Include\10.0.26100.0\shared\ntstatus.h(3444,9): warning C4005: 'STATUS_INTEGER_OVERFLOW': 매크로 재정의
C:\Program Files (x86)\Windows Kits\10\Include\10.0.26100.0\shared\ntstatus.h(3454,9): warning C4005: 'STATUS_PRIVILEGED_INSTRUCTION': 매크로 재정의
C:\Program Files (x86)\Windows Kits\10\Include\10.0.26100.0\shared\ntstatus.h(4400,9): warning C4005: 'STATUS_STACK_OVERFLOW': 매크로 재정의
C:\Program Files (x86)\Windows Kits\10\Include\10.0.26100.0\shared\ntstatus.h(4917,9): warning C4005: 'STATUS_DLL_NOT_FOUND': 매크로 재정의
C:\Program Files (x86)\Windows Kits\10\Include\10.0.26100.0\shared\ntstatus.h(4946,9): warning C4005: 'STATUS_ORDINAL_NOT_FOUND': 매크로 재정의
C:\Program Files (x86)\Windows Kits\10\Include\10.0.26100.0\shared\ntstatus.h(4956,9): warning C4005: 'STATUS_ENTRYPOINT_NOT_FOUND': 매크로 재정의
C:\Program Files (x86)\Windows Kits\10\Include\10.0.26100.0\shared\ntstatus.h(4966,9): warning C4005: 'STATUS_CONTROL_C_EXIT': 매크로 재정의
C:\Program Files (x86)\Windows Kits\10\Include\10.0.26100.0\shared\ntstatus.h(5044,9): warning C4005: 'STATUS_DLL_INIT_FAILED': 매크로 재정의
C:\Program Files (x86)\Windows Kits\10\Include\10.0.26100.0\shared\ntstatus.h(6041,9): warning C4005: 'STATUS_CONTROL_STACK_VIOLATION': 매크로 재정의
C:\Program Files (x86)\Windows Kits\10\Include\10.0.26100.0\shared\ntstatus.h(7635,9): warning C4005: 'STATUS_FLOAT_MULTIPLE_FAULTS': 매크로 재정의
C:\Program Files (x86)\Windows Kits\10\Include\10.0.26100.0\shared\ntstatus.h(7645,9): warning C4005: 'STATUS_FLOAT_MULTIPLE_TRAPS': 매크로 재정의
C:\Program Files (x86)\Windows Kits\10\Include\10.0.26100.0\shared\ntstatus.h(7777,9): warning C4005: 'STATUS_REG_NAT_CONSUMPTION': 매크로 재정의
C:\Program Files (x86)\Windows Kits\10\Include\10.0.26100.0\shared\ntstatus.h(8760,9): warning C4005: 'STATUS_HEAP_CORRUPTION': 매크로 재정의
C:\Program Files (x86)\Windows Kits\10\Include\10.0.26100.0\shared\ntstatus.h(8988,9): warning C4005: 'STATUS_STACK_BUFFER_OVERRUN': 매크로 재정의
C:\Program Files (x86)\Windows Kits\10\Include\10.0.26100.0\shared\ntstatus.h(9115,9): warning C4005: 'STATUS_INVALID_CRUNTIME_PARAMETER': 매크로 재정의
C:\Program Files (x86)\Windows Kits\10\Include\10.0.26100.0\shared\ntstatus.h(9178,9): warning C4005: 'STATUS_ASSERTION_FAILURE': 매크로 재정의
C:\Program Files (x86)\Windows Kits\10\Include\10.0.26100.0\shared\ntstatus.h(10087,9): warning C4005: 'STATUS_ENCLAVE_VIOLATION': 매크로 재정의
C:\Program Files (x86)\Windows Kits\10\Include\10.0.26100.0\shared\ntstatus.h(10874,9): warning C4005: 'STATUS_INTERRUPTED': 매크로 재정의
C:\Program Files (x86)\Windows Kits\10\Include\10.0.26100.0\shared\ntstatus.h(10883,9): warning C4005: 'STATUS_THREAD_NOT_RUNNING': 매크로 재정의
C:\Program Files (x86)\Windows Kits\10\Include\10.0.26100.0\shared\ntstatus.h(11195,9): warning C4005: 'STATUS_ALREADY_REGISTERED': 매크로 재정의
C:\Program Files (x86)\Windows Kits\10\Include\10.0.26100.0\shared\ntstatus.h(15290,9): warning C4005: 'STATUS_SXS_EARLY_DEACTIVATION': 매크로 재정의
C:\Program Files (x86)\Windows Kits\10\Include\10.0.26100.0\shared\ntstatus.h(15299,9): warning C4005: 'STATUS_SXS_INVALID_DEACTIVATION': 매크로 재정의
C:\Users\Administrator\source\repos\MFC_GAME_HACK\MFC_GAME_HACK\MEM_SCAN_WIN.cpp(183,36): warning C4312: '형식 캐스트': 'DWORD'에서 더 큰 'HANDLE'(으)로의 변환입니다.
C:\Users\Administrator\source\repos\MFC_GAME_HACK\MFC_GAME_HACK\MEM_SCAN_WIN.cpp(289,38): warning C4312: '형식 캐스트': 'DWORD'에서 더 큰 'HANDLE'(으)로의 변환입니다.
C:\Users\Administrator\source\repos\MFC_GAME_HACK\MFC_GAME_HACK\MEM_SCAN_WIN.cpp(437,27): warning C4244: '=': 'double'에서 'FLOAT'(으)로 변환하면서 데이터가 손실될 수 있습니다.
C:\Users\Administrator\source\repos\MFC_GAME_HACK\MFC_GAME_HACK\MEM_SCAN_WIN.cpp(506,31): warning C4018: '<': signed 또는 unsigned가 일치하지 않습니다.
  MEM_VIEWER.cpp
C:\Program Files (x86)\Windows Kits\10\Include\10.0.26100.0\shared\ntstatus.h(66,9): warning C4005: 'STATUS_WAIT_0': 매크로 재정의
C:\Program Files (x86)\Windows Kits\10\Include\10.0.26100.0\shared\ntstatus.h(226,9): warning C4005: 'STATUS_ABANDONED_WAIT_0': 매크로 재정의
C:\Program Files (x86)\Windows Kits\10\Include\10.0.26100.0\shared\ntstatus.h(249,9): warning C4005: 'STATUS_USER_APC': 매크로 재정의
C:\Program Files (x86)\Windows Kits\10\Include\10.0.26100.0\shared\ntstatus.h(285,9): warning C4005: 'STATUS_TIMEOUT': 매크로 재정의
C:\Program Files (x86)\Windows Kits\10\Include\10.0.26100.0\shared\ntstatus.h(294,9): warning C4005: 'STATUS_PENDING': 매크로 재정의
C:\Program Files (x86)\Windows Kits\10\Include\10.0.26100.0\shared\ntstatus.h(750,9): warning C4005: 'DBG_EXCEPTION_HANDLED': 매크로 재정의
C:\Program Files (x86)\Windows Kits\10\Include\10.0.26100.0\shared\ntstatus.h(759,9): warning C4005: 'DBG_CONTINUE': 매크로 재정의
C:\Program Files (x86)\Windows Kits\10\Include\10.0.26100.0\shared\ntstatus.h(834,9): warning C4005: 'STATUS_SEGMENT_NOTIFICATION': 매크로 재정의
C:\Program Files (x86)\Windows Kits\10\Include\10.0.26100.0\shared\ntstatus.h(997,9): warning C4005: 'STATUS_FATAL_APP_EXIT': 매크로 재정의
C:\Program Files (x86)\Windows Kits\10\Include\10.0.26100.0\shared\ntstatus.h(1335,9): warning C4005: 'DBG_REPLY_LATER': 매크로 재정의
C:\Program Files (x86)\Windows Kits\10\Include\10.0.26100.0\shared\ntstatus.h(1353,9): warning C4005: 'DBG_TERMINATE_THREAD': 매크로 재정의
C:\Program Files (x86)\Windows Kits\10\Include\10.0.26100.0\shared\ntstatus.h(1362,9): warning C4005: 'DBG_TERMINATE_PROCESS': 매크로 재정의
C:\Program Files (x86)\Windows Kits\10\Include\10.0.26100.0\shared\ntstatus.h(1371,9): warning C4005: 'DBG_CONTROL_C': 매크로 재정의
C:\Program Files (x86)\Windows Kits\10\Include\10.0.26100.0\shared\ntstatus.h(1380,9): warning C4005: 'DBG_PRINTEXCEPTION_C': 매크로 재정의
C:\Program Files (x86)\Windows Kits\10\Include\10.0.26100.0\shared\ntstatus.h(1389,9): warning C4005: 'DBG_RIPEXCEPTION': 매크로 재정의
C:\Program Files (x86)\Windows Kits\10\Include\10.0.26100.0\shared\ntstatus.h(1398,9): warning C4005: 'DBG_CONTROL_BREAK': 매크로 재정의
C:\Program Files (x86)\Windows Kits\10\Include\10.0.26100.0\shared\ntstatus.h(1407,9): warning C4005: 'DBG_COMMAND_EXCEPTION': 매크로 재정의
C:\Program Files (x86)\Windows Kits\10\Include\10.0.26100.0\shared\ntstatus.h(1416,9): warning C4005: 'DBG_PRINTEXCEPTION_WIDE_C': 매크로 재정의
C:\Program Files (x86)\Windows Kits\10\Include\10.0.26100.0\shared\ntstatus.h(1448,9): warning C4005: 'STATUS_GUARD_PAGE_VIOLATION': 매크로 재정의
C:\Program Files (x86)\Windows Kits\10\Include\10.0.26100.0\shared\ntstatus.h(1459,9): warning C4005: 'STATUS_DATATYPE_MISALIGNMENT': 매크로 재정의
C:\Program Files (x86)\Windows Kits\10\Include\10.0.26100.0\shared\ntstatus.h(1470,9): warning C4005: 'STATUS_BREAKPOINT': 매크로 재정의
C:\Program Files (x86)\Windows Kits\10\Include\10.0.26100.0\shared\ntstatus.h(1481,9): warning C4005: 'STATUS_SINGLE_STEP': 매크로 재정의
C:\Program Files (x86)\Windows Kits\10\Include\10.0.26100.0\shared\ntstatus.h(1784,9): warning C4005: 'STATUS_LONGJUMP': 매크로 재정의
C:\Program Files (x86)\Windows Kits\10\Include\10.0.26100.0\shared\ntstatus.h(1811,9): warning C4005: 'STATUS_UNWIND_CONSOLIDATE': 매크로 재정의
C:\Program Files (x86)\Windows Kits\10\Include\10.0.26100.0\shared\ntstatus.h(1935,9): warning C4005: 'DBG_EXCEPTION_NOT_HANDLED': 매크로 재정의
C:\Program Files (x86)\Windows Kits\10\Include\10.0.26100.0\shared\ntstatus.h(2102,9): warning C4005: 'STATUS_ACCESS_VIOLATION': 매크로 재정의
C:\Program Files (x86)\Windows Kits\10\Include\10.0.26100.0\shared\ntstatus.h(2111,9): warning C4005: 'STATUS_IN_PAGE_ERROR': 매크로 재정의
C:\Program Files (x86)\Windows Kits\10\Include\10.0.26100.0\shared\ntstatus.h(2129,9): warning C4005: 'STATUS_INVALID_HANDLE': 매크로 재정의
C:\Program Files (x86)\Windows Kits\10\Include\10.0.26100.0\shared\ntstatus.h(2174,9): warning C4005: 'STATUS_INVALID_PARAMETER': 매크로 재정의
C:\Program Files (x86)\Windows Kits\10\Include\10.0.26100.0\shared\ntstatus.h(2274,9): warning C4005: 'STATUS_NO_MEMORY': 매크로 재정의
C:\Program Files (x86)\Windows Kits\10\Include\10.0.26100.0\shared\ntstatus.h(2331,9): warning C4005: 'STATUS_ILLEGAL_INSTRUCTION': 매크로 재정의
C:\Program Files (x86)\Windows Kits\10\Include\10.0.26100.0\shared\ntstatus.h(2412,9): warning C4005: 'STATUS_NONCONTINUABLE_EXCEPTION': 매크로 재정의
C:\Program Files (x86)\Windows Kits\10\Include\10.0.26100.0\shared\ntstatus.h(2421,9): warning C4005: 'STATUS_INVALID_DISPOSITION': 매크로 재정의
C:\Program Files (x86)\Windows Kits\10\Include\10.0.26100.0\shared\ntstatus.h(3354,9): warning C4005: 'STATUS_ARRAY_BOUNDS_EXCEEDED': 매크로 재정의
C:\Program Files (x86)\Windows Kits\10\Include\10.0.26100.0\shared\ntstatus.h(3364,9): warning C4005: 'STATUS_FLOAT_DENORMAL_OPERAND': 매크로 재정의
C:\Program Files (x86)\Windows Kits\10\Include\10.0.26100.0\shared\ntstatus.h(3374,9): warning C4005: 'STATUS_FLOAT_DIVIDE_BY_ZERO': 매크로 재정의
C:\Program Files (x86)\Windows Kits\10\Include\10.0.26100.0\shared\ntstatus.h(3384,9): warning C4005: 'STATUS_FLOAT_INEXACT_RESULT': 매크로 재정의
C:\Program Files (x86)\Windows Kits\10\Include\10.0.26100.0\shared\ntstatus.h(3394,9): warning C4005: 'STATUS_FLOAT_INVALID_OPERATION': 매크로 재정의
C:\Program Files (x86)\Windows Kits\10\Include\10.0.26100.0\shared\ntstatus.h(3404,9): warning C4005: 'STATUS_FLOAT_OVERFLOW': 매크로 재정의
C:\Program Files (x86)\Windows Kits\10\Include\10.0.26100.0\shared\ntstatus.h(3414,9): warning C4005: 'STATUS_FLOAT_STACK_CHECK': 매크로 재정의
C:\Program Files (x86)\Windows Kits\10\Include\10.0.26100.0\shared\ntstatus.h(3424,9): warning C4005: 'STATUS_FLOAT_UNDERFLOW': 매크로 재정의
C:\Program Files (x86)\Windows Kits\10\Include\10.0.26100.0\shared\ntstatus.h(3434,9): warning C4005: 'STATUS_INTEGER_DIVIDE_BY_ZERO': 매크로 재정의
C:\Program Files (x86)\Windows Kits\10\Include\10.0.26100.0\shared\ntstatus.h(3444,9): warning C4005: 'STATUS_INTEGER_OVERFLOW': 매크로 재정의
C:\Program Files (x86)\Windows Kits\10\Include\10.0.26100.0\shared\ntstatus.h(3454,9): warning C4005: 'STATUS_PRIVILEGED_INSTRUCTION': 매크로 재정의
C:\Program Files (x86)\Windows Kits\10\Include\10.0.26100.0\shared\ntstatus.h(4400,9): warning C4005: 'STATUS_STACK_OVERFLOW': 매크로 재정의
C:\Program Files (x86)\Windows Kits\10\Include\10.0.26100.0\shared\ntstatus.h(4917,9): warning C4005: 'STATUS_DLL_NOT_FOUND': 매크로 재정의
C:\Program Files (x86)\Windows Kits\10\Include\10.0.26100.0\shared\ntstatus.h(4946,9): warning C4005: 'STATUS_ORDINAL_NOT_FOUND': 매크로 재정의
C:\Program Files (x86)\Windows Kits\10\Include\10.0.26100.0\shared\ntstatus.h(4956,9): warning C4005: 'STATUS_ENTRYPOINT_NOT_FOUND': 매크로 재정의
C:\Program Files (x86)\Windows Kits\10\Include\10.0.26100.0\shared\ntstatus.h(4966,9): warning C4005: 'STATUS_CONTROL_C_EXIT': 매크로 재정의
C:\Program Files (x86)\Windows Kits\10\Include\10.0.26100.0\shared\ntstatus.h(5044,9): warning C4005: 'STATUS_DLL_INIT_FAILED': 매크로 재정의
C:\Program Files (x86)\Windows Kits\10\Include\10.0.26100.0\shared\ntstatus.h(6041,9): warning C4005: 'STATUS_CONTROL_STACK_VIOLATION': 매크로 재정의
C:\Program Files (x86)\Windows Kits\10\Include\10.0.26100.0\shared\ntstatus.h(7635,9): warning C4005: 'STATUS_FLOAT_MULTIPLE_FAULTS': 매크로 재정의
C:\Program Files (x86)\Windows Kits\10\Include\10.0.26100.0\shared\ntstatus.h(7645,9): warning C4005: 'STATUS_FLOAT_MULTIPLE_TRAPS': 매크로 재정의
C:\Program Files (x86)\Windows Kits\10\Include\10.0.26100.0\shared\ntstatus.h(7777,9): warning C4005: 'STATUS_REG_NAT_CONSUMPTION': 매크로 재정의
C:\Program Files (x86)\Windows Kits\10\Include\10.0.26100.0\shared\ntstatus.h(8760,9): warning C4005: 'STATUS_HEAP_CORRUPTION': 매크로 재정의
C:\Program Files (x86)\Windows Kits\10\Include\10.0.26100.0\shared\ntstatus.h(8988,9): warning C4005: 'STATUS_STACK_BUFFER_OVERRUN': 매크로 재정의
C:\Program Files (x86)\Windows Kits\10\Include\10.0.26100.0\shared\ntstatus.h(9115,9): warning C4005: 'STATUS_INVALID_CRUNTIME_PARAMETER': 매크로 재정의
C:\Program Files (x86)\Windows Kits\10\Include\10.0.26100.0\shared\ntstatus.h(9178,9): warning C4005: 'STATUS_ASSERTION_FAILURE': 매크로 재정의
C:\Program Files (x86)\Windows Kits\10\Include\10.0.26100.0\shared\ntstatus.h(10087,9): warning C4005: 'STATUS_ENCLAVE_VIOLATION': 매크로 재정의
C:\Program Files (x86)\Windows Kits\10\Include\10.0.26100.0\shared\ntstatus.h(10874,9): warning C4005: 'STATUS_INTERRUPTED': 매크로 재정의
C:\Program Files (x86)\Windows Kits\10\Include\10.0.26100.0\shared\ntstatus.h(10883,9): warning C4005: 'STATUS_THREAD_NOT_RUNNING': 매크로 재정의
C:\Program Files (x86)\Windows Kits\10\Include\10.0.26100.0\shared\ntstatus.h(11195,9): warning C4005: 'STATUS_ALREADY_REGISTERED': 매크로 재정의
C:\Program Files (x86)\Windows Kits\10\Include\10.0.26100.0\shared\ntstatus.h(15290,9): warning C4005: 'STATUS_SXS_EARLY_DEACTIVATION': 매크로 재정의
C:\Program Files (x86)\Windows Kits\10\Include\10.0.26100.0\shared\ntstatus.h(15299,9): warning C4005: 'STATUS_SXS_INVALID_DEACTIVATION': 매크로 재정의
C:\Users\Administrator\source\repos\MFC_GAME_HACK\MFC_GAME_HACK\MEM_VIEWER.cpp(233,36): warning C4312: '형식 캐스트': 'DWORD'에서 더 큰 'HANDLE'(으)로의 변환입니다.
C:\Users\Administrator\source\repos\MFC_GAME_HACK\MFC_GAME_HACK\MEM_VIEWER.cpp(446,18): warning C4312: '형식 캐스트': 'int'에서 더 큰 'HANDLE'(으)로의 변환입니다.
C:\Users\Administrator\source\repos\MFC_GAME_HACK\MFC_GAME_HACK\MEM_VIEWER.cpp(732,20): warning C4244: '초기화 중': 'double'에서 'FLOAT'(으)로 변환하면서 데이터가 손실될 수 있습니다.
C:\Users\Administrator\source\repos\MFC_GAME_HACK\MFC_GAME_HACK\MEM_VIEWER.cpp(844,36): warning C4312: '형식 캐스트': 'DWORD'에서 더 큰 'HANDLE'(으)로의 변환입니다.
  MFC_GAME_HACK.cpp
C:\Program Files (x86)\Windows Kits\10\Include\10.0.26100.0\shared\ntstatus.h(66,9): warning C4005: 'STATUS_WAIT_0': 매크로 재정의
C:\Program Files (x86)\Windows Kits\10\Include\10.0.26100.0\shared\ntstatus.h(226,9): warning C4005: 'STATUS_ABANDONED_WAIT_0': 매크로 재정의
C:\Program Files (x86)\Windows Kits\10\Include\10.0.26100.0\shared\ntstatus.h(249,9): warning C4005: 'STATUS_USER_APC': 매크로 재정의
C:\Program Files (x86)\Windows Kits\10\Include\10.0.26100.0\shared\ntstatus.h(285,9): warning C4005: 'STATUS_TIMEOUT': 매크로 재정의
C:\Program Files (x86)\Windows Kits\10\Include\10.0.26100.0\shared\ntstatus.h(294,9): warning C4005: 'STATUS_PENDING': 매크로 재정의
C:\Program Files (x86)\Windows Kits\10\Include\10.0.26100.0\shared\ntstatus.h(750,9): warning C4005: 'DBG_EXCEPTION_HANDLED': 매크로 재정의
C:\Program Files (x86)\Windows Kits\10\Include\10.0.26100.0\shared\ntstatus.h(759,9): warning C4005: 'DBG_CONTINUE': 매크로 재정의
C:\Program Files (x86)\Windows Kits\10\Include\10.0.26100.0\shared\ntstatus.h(834,9): warning C4005: 'STATUS_SEGMENT_NOTIFICATION': 매크로 재정의
C:\Program Files (x86)\Windows Kits\10\Include\10.0.26100.0\shared\ntstatus.h(997,9): warning C4005: 'STATUS_FATAL_APP_EXIT': 매크로 재정의
C:\Program Files (x86)\Windows Kits\10\Include\10.0.26100.0\shared\ntstatus.h(1335,9): warning C4005: 'DBG_REPLY_LATER': 매크로 재정의
C:\Program Files (x86)\Windows Kits\10\Include\10.0.26100.0\shared\ntstatus.h(1353,9): warning C4005: 'DBG_TERMINATE_THREAD': 매크로 재정의
C:\Program Files (x86)\Windows Kits\10\Include\10.0.26100.0\shared\ntstatus.h(1362,9): warning C4005: 'DBG_TERMINATE_PROCESS': 매크로 재정의
C:\Program Files (x86)\Windows Kits\10\Include\10.0.26100.0\shared\ntstatus.h(1371,9): warning C4005: 'DBG_CONTROL_C': 매크로 재정의
C:\Program Files (x86)\Windows Kits\10\Include\10.0.26100.0\shared\ntstatus.h(1380,9): warning C4005: 'DBG_PRINTEXCEPTION_C': 매크로 재정의
C:\Program Files (x86)\Windows Kits\10\Include\10.0.26100.0\shared\ntstatus.h(1389,9): warning C4005: 'DBG_RIPEXCEPTION': 매크로 재정의
C:\Program Files (x86)\Windows Kits\10\Include\10.0.26100.0\shared\ntstatus.h(1398,9): warning C4005: 'DBG_CONTROL_BREAK': 매크로 재정의
C:\Program Files (x86)\Windows Kits\10\Include\10.0.26100.0\shared\ntstatus.h(1407,9): warning C4005: 'DBG_COMMAND_EXCEPTION': 매크로 재정의
C:\Program Files (x86)\Windows Kits\10\Include\10.0.26100.0\shared\ntstatus.h(1416,9): warning C4005: 'DBG_PRINTEXCEPTION_WIDE_C': 매크로 재정의
C:\Program Files (x86)\Windows Kits\10\Include\10.0.26100.0\shared\ntstatus.h(1448,9): warning C4005: 'STATUS_GUARD_PAGE_VIOLATION': 매크로 재정의
C:\Program Files (x86)\Windows Kits\10\Include\10.0.26100.0\shared\ntstatus.h(1459,9): warning C4005: 'STATUS_DATATYPE_MISALIGNMENT': 매크로 재정의
C:\Program Files (x86)\Windows Kits\10\Include\10.0.26100.0\shared\ntstatus.h(1470,9): warning C4005: 'STATUS_BREAKPOINT': 매크로 재정의
C:\Program Files (x86)\Windows Kits\10\Include\10.0.26100.0\shared\ntstatus.h(1481,9): warning C4005: 'STATUS_SINGLE_STEP': 매크로 재정의
C:\Program Files (x86)\Windows Kits\10\Include\10.0.26100.0\shared\ntstatus.h(1784,9): warning C4005: 'STATUS_LONGJUMP': 매크로 재정의
C:\Program Files (x86)\Windows Kits\10\Include\10.0.26100.0\shared\ntstatus.h(1811,9): warning C4005: 'STATUS_UNWIND_CONSOLIDATE': 매크로 재정의
C:\Program Files (x86)\Windows Kits\10\Include\10.0.26100.0\shared\ntstatus.h(1935,9): warning C4005: 'DBG_EXCEPTION_NOT_HANDLED': 매크로 재정의
C:\Program Files (x86)\Windows Kits\10\Include\10.0.26100.0\shared\ntstatus.h(2102,9): warning C4005: 'STATUS_ACCESS_VIOLATION': 매크로 재정의
C:\Program Files (x86)\Windows Kits\10\Include\10.0.26100.0\shared\ntstatus.h(2111,9): warning C4005: 'STATUS_IN_PAGE_ERROR': 매크로 재정의
C:\Program Files (x86)\Windows Kits\10\Include\10.0.26100.0\shared\ntstatus.h(2129,9): warning C4005: 'STATUS_INVALID_HANDLE': 매크로 재정의
C:\Program Files (x86)\Windows Kits\10\Include\10.0.26100.0\shared\ntstatus.h(2174,9): warning C4005: 'STATUS_INVALID_PARAMETER': 매크로 재정의
C:\Program Files (x86)\Windows Kits\10\Include\10.0.26100.0\shared\ntstatus.h(2274,9): warning C4005: 'STATUS_NO_MEMORY': 매크로 재정의
C:\Program Files (x86)\Windows Kits\10\Include\10.0.26100.0\shared\ntstatus.h(2331,9): warning C4005: 'STATUS_ILLEGAL_INSTRUCTION': 매크로 재정의
C:\Program Files (x86)\Windows Kits\10\Include\10.0.26100.0\shared\ntstatus.h(2412,9): warning C4005: 'STATUS_NONCONTINUABLE_EXCEPTION': 매크로 재정의
C:\Program Files (x86)\Windows Kits\10\Include\10.0.26100.0\shared\ntstatus.h(2421,9): warning C4005: 'STATUS_INVALID_DISPOSITION': 매크로 재정의
C:\Program Files (x86)\Windows Kits\10\Include\10.0.26100.0\shared\ntstatus.h(3354,9): warning C4005: 'STATUS_ARRAY_BOUNDS_EXCEEDED': 매크로 재정의
C:\Program Files (x86)\Windows Kits\10\Include\10.0.26100.0\shared\ntstatus.h(3364,9): warning C4005: 'STATUS_FLOAT_DENORMAL_OPERAND': 매크로 재정의
C:\Program Files (x86)\Windows Kits\10\Include\10.0.26100.0\shared\ntstatus.h(3374,9): warning C4005: 'STATUS_FLOAT_DIVIDE_BY_ZERO': 매크로 재정의
C:\Program Files (x86)\Windows Kits\10\Include\10.0.26100.0\shared\ntstatus.h(3384,9): warning C4005: 'STATUS_FLOAT_INEXACT_RESULT': 매크로 재정의
C:\Program Files (x86)\Windows Kits\10\Include\10.0.26100.0\shared\ntstatus.h(3394,9): warning C4005: 'STATUS_FLOAT_INVALID_OPERATION': 매크로 재정의
C:\Program Files (x86)\Windows Kits\10\Include\10.0.26100.0\shared\ntstatus.h(3404,9): warning C4005: 'STATUS_FLOAT_OVERFLOW': 매크로 재정의
C:\Program Files (x86)\Windows Kits\10\Include\10.0.26100.0\shared\ntstatus.h(3414,9): warning C4005: 'STATUS_FLOAT_STACK_CHECK': 매크로 재정의
C:\Program Files (x86)\Windows Kits\10\Include\10.0.26100.0\shared\ntstatus.h(3424,9): warning C4005: 'STATUS_FLOAT_UNDERFLOW': 매크로 재정의
C:\Program Files (x86)\Windows Kits\10\Include\10.0.26100.0\shared\ntstatus.h(3434,9): warning C4005: 'STATUS_INTEGER_DIVIDE_BY_ZERO': 매크로 재정의
C:\Program Files (x86)\Windows Kits\10\Include\10.0.26100.0\shared\ntstatus.h(3444,9): warning C4005: 'STATUS_INTEGER_OVERFLOW': 매크로 재정의
C:\Program Files (x86)\Windows Kits\10\Include\10.0.26100.0\shared\ntstatus.h(3454,9): warning C4005: 'STATUS_PRIVILEGED_INSTRUCTION': 매크로 재정의
C:\Program Files (x86)\Windows Kits\10\Include\10.0.26100.0\shared\ntstatus.h(4400,9): warning C4005: 'STATUS_STACK_OVERFLOW': 매크로 재정의
C:\Program Files (x86)\Windows Kits\10\Include\10.0.26100.0\shared\ntstatus.h(4917,9): warning C4005: 'STATUS_DLL_NOT_FOUND': 매크로 재정의
C:\Program Files (x86)\Windows Kits\10\Include\10.0.26100.0\shared\ntstatus.h(4946,9): warning C4005: 'STATUS_ORDINAL_NOT_FOUND': 매크로 재정의
C:\Program Files (x86)\Windows Kits\10\Include\10.0.26100.0\shared\ntstatus.h(4956,9): warning C4005: 'STATUS_ENTRYPOINT_NOT_FOUND': 매크로 재정의
C:\Program Files (x86)\Windows Kits\10\Include\10.0.26100.0\shared\ntstatus.h(4966,9): warning C4005: 'STATUS_CONTROL_C_EXIT': 매크로 재정의
C:\Program Files (x86)\Windows Kits\10\Include\10.0.26100.0\shared\ntstatus.h(5044,9): warning C4005: 'STATUS_DLL_INIT_FAILED': 매크로 재정의
C:\Program Files (x86)\Windows Kits\10\Include\10.0.26100.0\shared\ntstatus.h(6041,9): warning C4005: 'STATUS_CONTROL_STACK_VIOLATION': 매크로 재정의
C:\Program Files (x86)\Windows Kits\10\Include\10.0.26100.0\shared\ntstatus.h(7635,9): warning C4005: 'STATUS_FLOAT_MULTIPLE_FAULTS': 매크로 재정의
C:\Program Files (x86)\Windows Kits\10\Include\10.0.26100.0\shared\ntstatus.h(7645,9): warning C4005: 'STATUS_FLOAT_MULTIPLE_TRAPS': 매크로 재정의
C:\Program Files (x86)\Windows Kits\10\Include\10.0.26100.0\shared\ntstatus.h(7777,9): warning C4005: 'STATUS_REG_NAT_CONSUMPTION': 매크로 재정의
C:\Program Files (x86)\Windows Kits\10\Include\10.0.26100.0\shared\ntstatus.h(8760,9): warning C4005: 'STATUS_HEAP_CORRUPTION': 매크로 재정의
C:\Program Files (x86)\Windows Kits\10\Include\10.0.26100.0\shared\ntstatus.h(8988,9): warning C4005: 'STATUS_STACK_BUFFER_OVERRUN': 매크로 재정의
C:\Program Files (x86)\Windows Kits\10\Include\10.0.26100.0\shared\ntstatus.h(9115,9): warning C4005: 'STATUS_INVALID_CRUNTIME_PARAMETER': 매크로 재정의
C:\Program Files (x86)\Windows Kits\10\Include\10.0.26100.0\shared\ntstatus.h(9178,9): warning C4005: 'STATUS_ASSERTION_FAILURE': 매크로 재정의
C:\Program Files (x86)\Windows Kits\10\Include\10.0.26100.0\shared\ntstatus.h(10087,9): warning C4005: 'STATUS_ENCLAVE_VIOLATION': 매크로 재정의
C:\Program Files (x86)\Windows Kits\10\Include\10.0.26100.0\shared\ntstatus.h(10874,9): warning C4005: 'STATUS_INTERRUPTED': 매크로 재정의
C:\Program Files (x86)\Windows Kits\10\Include\10.0.26100.0\shared\ntstatus.h(10883,9): warning C4005: 'STATUS_THREAD_NOT_RUNNING': 매크로 재정의
C:\Program Files (x86)\Windows Kits\10\Include\10.0.26100.0\shared\ntstatus.h(11195,9): warning C4005: 'STATUS_ALREADY_REGISTERED': 매크로 재정의
C:\Program Files (x86)\Windows Kits\10\Include\10.0.26100.0\shared\ntstatus.h(15290,9): warning C4005: 'STATUS_SXS_EARLY_DEACTIVATION': 매크로 재정의
C:\Program Files (x86)\Windows Kits\10\Include\10.0.26100.0\shared\ntstatus.h(15299,9): warning C4005: 'STATUS_SXS_INVALID_DEACTIVATION': 매크로 재정의
  MFC_GAME_HACKDlg.cpp
C:\Program Files (x86)\Windows Kits\10\Include\10.0.26100.0\shared\ntstatus.h(66,9): warning C4005: 'STATUS_WAIT_0': 매크로 재정의
C:\Program Files (x86)\Windows Kits\10\Include\10.0.26100.0\shared\ntstatus.h(226,9): warning C4005: 'STATUS_ABANDONED_WAIT_0': 매크로 재정의
C:\Program Files (x86)\Windows Kits\10\Include\10.0.26100.0\shared\ntstatus.h(249,9): warning C4005: 'STATUS_USER_APC': 매크로 재정의
C:\Program Files (x86)\Windows Kits\10\Include\10.0.26100.0\shared\ntstatus.h(285,9): warning C4005: 'STATUS_TIMEOUT': 매크로 재정의
C:\Program Files (x86)\Windows Kits\10\Include\10.0.26100.0\shared\ntstatus.h(294,9): warning C4005: 'STATUS_PENDING': 매크로 재정의
C:\Program Files (x86)\Windows Kits\10\Include\10.0.26100.0\shared\ntstatus.h(750,9): warning C4005: 'DBG_EXCEPTION_HANDLED': 매크로 재정의
C:\Program Files (x86)\Windows Kits\10\Include\10.0.26100.0\shared\ntstatus.h(759,9): warning C4005: 'DBG_CONTINUE': 매크로 재정의
C:\Program Files (x86)\Windows Kits\10\Include\10.0.26100.0\shared\ntstatus.h(834,9): warning C4005: 'STATUS_SEGMENT_NOTIFICATION': 매크로 재정의
C:\Program Files (x86)\Windows Kits\10\Include\10.0.26100.0\shared\ntstatus.h(997,9): warning C4005: 'STATUS_FATAL_APP_EXIT': 매크로 재정의
C:\Program Files (x86)\Windows Kits\10\Include\10.0.26100.0\shared\ntstatus.h(1335,9): warning C4005: 'DBG_REPLY_LATER': 매크로 재정의
C:\Program Files (x86)\Windows Kits\10\Include\10.0.26100.0\shared\ntstatus.h(1353,9): warning C4005: 'DBG_TERMINATE_THREAD': 매크로 재정의
C:\Program Files (x86)\Windows Kits\10\Include\10.0.26100.0\shared\ntstatus.h(1362,9): warning C4005: 'DBG_TERMINATE_PROCESS': 매크로 재정의
C:\Program Files (x86)\Windows Kits\10\Include\10.0.26100.0\shared\ntstatus.h(1371,9): warning C4005: 'DBG_CONTROL_C': 매크로 재정의
C:\Program Files (x86)\Windows Kits\10\Include\10.0.26100.0\shared\ntstatus.h(1380,9): warning C4005: 'DBG_PRINTEXCEPTION_C': 매크로 재정의
C:\Program Files (x86)\Windows Kits\10\Include\10.0.26100.0\shared\ntstatus.h(1389,9): warning C4005: 'DBG_RIPEXCEPTION': 매크로 재정의
C:\Program Files (x86)\Windows Kits\10\Include\10.0.26100.0\shared\ntstatus.h(1398,9): warning C4005: 'DBG_CONTROL_BREAK': 매크로 재정의
C:\Program Files (x86)\Windows Kits\10\Include\10.0.26100.0\shared\ntstatus.h(1407,9): warning C4005: 'DBG_COMMAND_EXCEPTION': 매크로 재정의
C:\Program Files (x86)\Windows Kits\10\Include\10.0.26100.0\shared\ntstatus.h(1416,9): warning C4005: 'DBG_PRINTEXCEPTION_WIDE_C': 매크로 재정의
C:\Program Files (x86)\Windows Kits\10\Include\10.0.26100.0\shared\ntstatus.h(1448,9): warning C4005: 'STATUS_GUARD_PAGE_VIOLATION': 매크로 재정의
C:\Program Files (x86)\Windows Kits\10\Include\10.0.26100.0\shared\ntstatus.h(1459,9): warning C4005: 'STATUS_DATATYPE_MISALIGNMENT': 매크로 재정의
C:\Program Files (x86)\Windows Kits\10\Include\10.0.26100.0\shared\ntstatus.h(1470,9): warning C4005: 'STATUS_BREAKPOINT': 매크로 재정의
C:\Program Files (x86)\Windows Kits\10\Include\10.0.26100.0\shared\ntstatus.h(1481,9): warning C4005: 'STATUS_SINGLE_STEP': 매크로 재정의
C:\Program Files (x86)\Windows Kits\10\Include\10.0.26100.0\shared\ntstatus.h(1784,9): warning C4005: 'STATUS_LONGJUMP': 매크로 재정의
C:\Program Files (x86)\Windows Kits\10\Include\10.0.26100.0\shared\ntstatus.h(1811,9): warning C4005: 'STATUS_UNWIND_CONSOLIDATE': 매크로 재정의
C:\Program Files (x86)\Windows Kits\10\Include\10.0.26100.0\shared\ntstatus.h(1935,9): warning C4005: 'DBG_EXCEPTION_NOT_HANDLED': 매크로 재정의
C:\Program Files (x86)\Windows Kits\10\Include\10.0.26100.0\shared\ntstatus.h(2102,9): warning C4005: 'STATUS_ACCESS_VIOLATION': 매크로 재정의
C:\Program Files (x86)\Windows Kits\10\Include\10.0.26100.0\shared\ntstatus.h(2111,9): warning C4005: 'STATUS_IN_PAGE_ERROR': 매크로 재정의
C:\Program Files (x86)\Windows Kits\10\Include\10.0.26100.0\shared\ntstatus.h(2129,9): warning C4005: 'STATUS_INVALID_HANDLE': 매크로 재정의
C:\Program Files (x86)\Windows Kits\10\Include\10.0.26100.0\shared\ntstatus.h(2174,9): warning C4005: 'STATUS_INVALID_PARAMETER': 매크로 재정의
C:\Program Files (x86)\Windows Kits\10\Include\10.0.26100.0\shared\ntstatus.h(2274,9): warning C4005: 'STATUS_NO_MEMORY': 매크로 재정의
C:\Program Files (x86)\Windows Kits\10\Include\10.0.26100.0\shared\ntstatus.h(2331,9): warning C4005: 'STATUS_ILLEGAL_INSTRUCTION': 매크로 재정의
C:\Program Files (x86)\Windows Kits\10\Include\10.0.26100.0\shared\ntstatus.h(2412,9): warning C4005: 'STATUS_NONCONTINUABLE_EXCEPTION': 매크로 재정의
C:\Program Files (x86)\Windows Kits\10\Include\10.0.26100.0\shared\ntstatus.h(2421,9): warning C4005: 'STATUS_INVALID_DISPOSITION': 매크로 재정의
C:\Program Files (x86)\Windows Kits\10\Include\10.0.26100.0\shared\ntstatus.h(3354,9): warning C4005: 'STATUS_ARRAY_BOUNDS_EXCEEDED': 매크로 재정의
C:\Program Files (x86)\Windows Kits\10\Include\10.0.26100.0\shared\ntstatus.h(3364,9): warning C4005: 'STATUS_FLOAT_DENORMAL_OPERAND': 매크로 재정의
C:\Program Files (x86)\Windows Kits\10\Include\10.0.26100.0\shared\ntstatus.h(3374,9): warning C4005: 'STATUS_FLOAT_DIVIDE_BY_ZERO': 매크로 재정의
C:\Program Files (x86)\Windows Kits\10\Include\10.0.26100.0\shared\ntstatus.h(3384,9): warning C4005: 'STATUS_FLOAT_INEXACT_RESULT': 매크로 재정의
C:\Program Files (x86)\Windows Kits\10\Include\10.0.26100.0\shared\ntstatus.h(3394,9): warning C4005: 'STATUS_FLOAT_INVALID_OPERATION': 매크로 재정의
C:\Program Files (x86)\Windows Kits\10\Include\10.0.26100.0\shared\ntstatus.h(3404,9): warning C4005: 'STATUS_FLOAT_OVERFLOW': 매크로 재정의
C:\Program Files (x86)\Windows Kits\10\Include\10.0.26100.0\shared\ntstatus.h(3414,9): warning C4005: 'STATUS_FLOAT_STACK_CHECK': 매크로 재정의
C:\Program Files (x86)\Windows Kits\10\Include\10.0.26100.0\shared\ntstatus.h(3424,9): warning C4005: 'STATUS_FLOAT_UNDERFLOW': 매크로 재정의
C:\Program Files (x86)\Windows Kits\10\Include\10.0.26100.0\shared\ntstatus.h(3434,9): warning C4005: 'STATUS_INTEGER_DIVIDE_BY_ZERO': 매크로 재정의
C:\Program Files (x86)\Windows Kits\10\Include\10.0.26100.0\shared\ntstatus.h(3444,9): warning C4005: 'STATUS_INTEGER_OVERFLOW': 매크로 재정의
C:\Program Files (x86)\Windows Kits\10\Include\10.0.26100.0\shared\ntstatus.h(3454,9): warning C4005: 'STATUS_PRIVILEGED_INSTRUCTION': 매크로 재정의
C:\Program Files (x86)\Windows Kits\10\Include\10.0.26100.0\shared\ntstatus.h(4400,9): warning C4005: 'STATUS_STACK_OVERFLOW': 매크로 재정의
C:\Program Files (x86)\Windows Kits\10\Include\10.0.26100.0\shared\ntstatus.h(4917,9): warning C4005: 'STATUS_DLL_NOT_FOUND': 매크로 재정의
C:\Program Files (x86)\Windows Kits\10\Include\10.0.26100.0\shared\ntstatus.h(4946,9): warning C4005: 'STATUS_ORDINAL_NOT_FOUND': 매크로 재정의
C:\Program Files (x86)\Windows Kits\10\Include\10.0.26100.0\shared\ntstatus.h(4956,9): warning C4005: 'STATUS_ENTRYPOINT_NOT_FOUND': 매크로 재정의
C:\Program Files (x86)\Windows Kits\10\Include\10.0.26100.0\shared\ntstatus.h(4966,9): warning C4005: 'STATUS_CONTROL_C_EXIT': 매크로 재정의
C:\Program Files (x86)\Windows Kits\10\Include\10.0.26100.0\shared\ntstatus.h(5044,9): warning C4005: 'STATUS_DLL_INIT_FAILED': 매크로 재정의
C:\Program Files (x86)\Windows Kits\10\Include\10.0.26100.0\shared\ntstatus.h(6041,9): warning C4005: 'STATUS_CONTROL_STACK_VIOLATION': 매크로 재정의
C:\Program Files (x86)\Windows Kits\10\Include\10.0.26100.0\shared\ntstatus.h(7635,9): warning C4005: 'STATUS_FLOAT_MULTIPLE_FAULTS': 매크로 재정의
C:\Program Files (x86)\Windows Kits\10\Include\10.0.26100.0\shared\ntstatus.h(7645,9): warning C4005: 'STATUS_FLOAT_MULTIPLE_TRAPS': 매크로 재정의
C:\Program Files (x86)\Windows Kits\10\Include\10.0.26100.0\shared\ntstatus.h(7777,9): warning C4005: 'STATUS_REG_NAT_CONSUMPTION': 매크로 재정의
C:\Program Files (x86)\Windows Kits\10\Include\10.0.26100.0\shared\ntstatus.h(8760,9): warning C4005: 'STATUS_HEAP_CORRUPTION': 매크로 재정의
C:\Program Files (x86)\Windows Kits\10\Include\10.0.26100.0\shared\ntstatus.h(8988,9): warning C4005: 'STATUS_STACK_BUFFER_OVERRUN': 매크로 재정의
C:\Program Files (x86)\Windows Kits\10\Include\10.0.26100.0\shared\ntstatus.h(9115,9): warning C4005: 'STATUS_INVALID_CRUNTIME_PARAMETER': 매크로 재정의
C:\Program Files (x86)\Windows Kits\10\Include\10.0.26100.0\shared\ntstatus.h(9178,9): warning C4005: 'STATUS_ASSERTION_FAILURE': 매크로 재정의
C:\Program Files (x86)\Windows Kits\10\Include\10.0.26100.0\shared\ntstatus.h(10087,9): warning C4005: 'STATUS_ENCLAVE_VIOLATION': 매크로 재정의
C:\Program Files (x86)\Windows Kits\10\Include\10.0.26100.0\shared\ntstatus.h(10874,9): warning C4005: 'STATUS_INTERRUPTED': 매크로 재정의
C:\Program Files (x86)\Windows Kits\10\Include\10.0.26100.0\shared\ntstatus.h(10883,9): warning C4005: 'STATUS_THREAD_NOT_RUNNING': 매크로 재정의
C:\Program Files (x86)\Windows Kits\10\Include\10.0.26100.0\shared\ntstatus.h(11195,9): warning C4005: 'STATUS_ALREADY_REGISTERED': 매크로 재정의
C:\Program Files (x86)\Windows Kits\10\Include\10.0.26100.0\shared\ntstatus.h(15290,9): warning C4005: 'STATUS_SXS_EARLY_DEACTIVATION': 매크로 재정의
C:\Program Files (x86)\Windows Kits\10\Include\10.0.26100.0\shared\ntstatus.h(15299,9): warning C4005: 'STATUS_SXS_INVALID_DEACTIVATION': 매크로 재정의
C:\Users\Administrator\source\repos\MFC_GAME_HACK\MFC_GAME_HACK\MFC_GAME_HACKDlg.cpp(141,36): warning C4312: '형식 캐스트': 'DWORD'에서 더 큰 'HANDLE'(으)로의 변환입니다.
  Query_Process_logic.cpp
C:\Program Files (x86)\Windows Kits\10\Include\10.0.26100.0\shared\ntstatus.h(66,9): warning C4005: 'STATUS_WAIT_0': 매크로 재정의
C:\Program Files (x86)\Windows Kits\10\Include\10.0.26100.0\shared\ntstatus.h(226,9): warning C4005: 'STATUS_ABANDONED_WAIT_0': 매크로 재정의
C:\Program Files (x86)\Windows Kits\10\Include\10.0.26100.0\shared\ntstatus.h(249,9): warning C4005: 'STATUS_USER_APC': 매크로 재정의
C:\Program Files (x86)\Windows Kits\10\Include\10.0.26100.0\shared\ntstatus.h(285,9): warning C4005: 'STATUS_TIMEOUT': 매크로 재정의
C:\Program Files (x86)\Windows Kits\10\Include\10.0.26100.0\shared\ntstatus.h(294,9): warning C4005: 'STATUS_PENDING': 매크로 재정의
C:\Program Files (x86)\Windows Kits\10\Include\10.0.26100.0\shared\ntstatus.h(750,9): warning C4005: 'DBG_EXCEPTION_HANDLED': 매크로 재정의
C:\Program Files (x86)\Windows Kits\10\Include\10.0.26100.0\shared\ntstatus.h(759,9): warning C4005: 'DBG_CONTINUE': 매크로 재정의
C:\Program Files (x86)\Windows Kits\10\Include\10.0.26100.0\shared\ntstatus.h(834,9): warning C4005: 'STATUS_SEGMENT_NOTIFICATION': 매크로 재정의
C:\Program Files (x86)\Windows Kits\10\Include\10.0.26100.0\shared\ntstatus.h(997,9): warning C4005: 'STATUS_FATAL_APP_EXIT': 매크로 재정의
C:\Program Files (x86)\Windows Kits\10\Include\10.0.26100.0\shared\ntstatus.h(1335,9): warning C4005: 'DBG_REPLY_LATER': 매크로 재정의
C:\Program Files (x86)\Windows Kits\10\Include\10.0.26100.0\shared\ntstatus.h(1353,9): warning C4005: 'DBG_TERMINATE_THREAD': 매크로 재정의
C:\Program Files (x86)\Windows Kits\10\Include\10.0.26100.0\shared\ntstatus.h(1362,9): warning C4005: 'DBG_TERMINATE_PROCESS': 매크로 재정의
C:\Program Files (x86)\Windows Kits\10\Include\10.0.26100.0\shared\ntstatus.h(1371,9): warning C4005: 'DBG_CONTROL_C': 매크로 재정의
C:\Program Files (x86)\Windows Kits\10\Include\10.0.26100.0\shared\ntstatus.h(1380,9): warning C4005: 'DBG_PRINTEXCEPTION_C': 매크로 재정의
C:\Program Files (x86)\Windows Kits\10\Include\10.0.26100.0\shared\ntstatus.h(1389,9): warning C4005: 'DBG_RIPEXCEPTION': 매크로 재정의
C:\Program Files (x86)\Windows Kits\10\Include\10.0.26100.0\shared\ntstatus.h(1398,9): warning C4005: 'DBG_CONTROL_BREAK': 매크로 재정의
C:\Program Files (x86)\Windows Kits\10\Include\10.0.26100.0\shared\ntstatus.h(1407,9): warning C4005: 'DBG_COMMAND_EXCEPTION': 매크로 재정의
C:\Program Files (x86)\Windows Kits\10\Include\10.0.26100.0\shared\ntstatus.h(1416,9): warning C4005: 'DBG_PRINTEXCEPTION_WIDE_C': 매크로 재정의
C:\Program Files (x86)\Windows Kits\10\Include\10.0.26100.0\shared\ntstatus.h(1448,9): warning C4005: 'STATUS_GUARD_PAGE_VIOLATION': 매크로 재정의
C:\Program Files (x86)\Windows Kits\10\Include\10.0.26100.0\shared\ntstatus.h(1459,9): warning C4005: 'STATUS_DATATYPE_MISALIGNMENT': 매크로 재정의
C:\Program Files (x86)\Windows Kits\10\Include\10.0.26100.0\shared\ntstatus.h(1470,9): warning C4005: 'STATUS_BREAKPOINT': 매크로 재정의
C:\Program Files (x86)\Windows Kits\10\Include\10.0.26100.0\shared\ntstatus.h(1481,9): warning C4005: 'STATUS_SINGLE_STEP': 매크로 재정의
C:\Program Files (x86)\Windows Kits\10\Include\10.0.26100.0\shared\ntstatus.h(1784,9): warning C4005: 'STATUS_LONGJUMP': 매크로 재정의
C:\Program Files (x86)\Windows Kits\10\Include\10.0.26100.0\shared\ntstatus.h(1811,9): warning C4005: 'STATUS_UNWIND_CONSOLIDATE': 매크로 재정의
C:\Program Files (x86)\Windows Kits\10\Include\10.0.26100.0\shared\ntstatus.h(1935,9): warning C4005: 'DBG_EXCEPTION_NOT_HANDLED': 매크로 재정의
C:\Program Files (x86)\Windows Kits\10\Include\10.0.26100.0\shared\ntstatus.h(2102,9): warning C4005: 'STATUS_ACCESS_VIOLATION': 매크로 재정의
C:\Program Files (x86)\Windows Kits\10\Include\10.0.26100.0\shared\ntstatus.h(2111,9): warning C4005: 'STATUS_IN_PAGE_ERROR': 매크로 재정의
C:\Program Files (x86)\Windows Kits\10\Include\10.0.26100.0\shared\ntstatus.h(2129,9): warning C4005: 'STATUS_INVALID_HANDLE': 매크로 재정의
C:\Program Files (x86)\Windows Kits\10\Include\10.0.26100.0\shared\ntstatus.h(2174,9): warning C4005: 'STATUS_INVALID_PARAMETER': 매크로 재정의
C:\Program Files (x86)\Windows Kits\10\Include\10.0.26100.0\shared\ntstatus.h(2274,9): warning C4005: 'STATUS_NO_MEMORY': 매크로 재정의
C:\Program Files (x86)\Windows Kits\10\Include\10.0.26100.0\shared\ntstatus.h(2331,9): warning C4005: 'STATUS_ILLEGAL_INSTRUCTION': 매크로 재정의
C:\Program Files (x86)\Windows Kits\10\Include\10.0.26100.0\shared\ntstatus.h(2412,9): warning C4005: 'STATUS_NONCONTINUABLE_EXCEPTION': 매크로 재정의
C:\Program Files (x86)\Windows Kits\10\Include\10.0.26100.0\shared\ntstatus.h(2421,9): warning C4005: 'STATUS_INVALID_DISPOSITION': 매크로 재정의
C:\Program Files (x86)\Windows Kits\10\Include\10.0.26100.0\shared\ntstatus.h(3354,9): warning C4005: 'STATUS_ARRAY_BOUNDS_EXCEEDED': 매크로 재정의
C:\Program Files (x86)\Windows Kits\10\Include\10.0.26100.0\shared\ntstatus.h(3364,9): warning C4005: 'STATUS_FLOAT_DENORMAL_OPERAND': 매크로 재정의
C:\Program Files (x86)\Windows Kits\10\Include\10.0.26100.0\shared\ntstatus.h(3374,9): warning C4005: 'STATUS_FLOAT_DIVIDE_BY_ZERO': 매크로 재정의
C:\Program Files (x86)\Windows Kits\10\Include\10.0.26100.0\shared\ntstatus.h(3384,9): warning C4005: 'STATUS_FLOAT_INEXACT_RESULT': 매크로 재정의
C:\Program Files (x86)\Windows Kits\10\Include\10.0.26100.0\shared\ntstatus.h(3394,9): warning C4005: 'STATUS_FLOAT_INVALID_OPERATION': 매크로 재정의
C:\Program Files (x86)\Windows Kits\10\Include\10.0.26100.0\shared\ntstatus.h(3404,9): warning C4005: 'STATUS_FLOAT_OVERFLOW': 매크로 재정의
C:\Program Files (x86)\Windows Kits\10\Include\10.0.26100.0\shared\ntstatus.h(3414,9): warning C4005: 'STATUS_FLOAT_STACK_CHECK': 매크로 재정의
C:\Program Files (x86)\Windows Kits\10\Include\10.0.26100.0\shared\ntstatus.h(3424,9): warning C4005: 'STATUS_FLOAT_UNDERFLOW': 매크로 재정의
C:\Program Files (x86)\Windows Kits\10\Include\10.0.26100.0\shared\ntstatus.h(3434,9): warning C4005: 'STATUS_INTEGER_DIVIDE_BY_ZERO': 매크로 재정의
C:\Program Files (x86)\Windows Kits\10\Include\10.0.26100.0\shared\ntstatus.h(3444,9): warning C4005: 'STATUS_INTEGER_OVERFLOW': 매크로 재정의
C:\Program Files (x86)\Windows Kits\10\Include\10.0.26100.0\shared\ntstatus.h(3454,9): warning C4005: 'STATUS_PRIVILEGED_INSTRUCTION': 매크로 재정의
C:\Program Files (x86)\Windows Kits\10\Include\10.0.26100.0\shared\ntstatus.h(4400,9): warning C4005: 'STATUS_STACK_OVERFLOW': 매크로 재정의
C:\Program Files (x86)\Windows Kits\10\Include\10.0.26100.0\shared\ntstatus.h(4917,9): warning C4005: 'STATUS_DLL_NOT_FOUND': 매크로 재정의
C:\Program Files (x86)\Windows Kits\10\Include\10.0.26100.0\shared\ntstatus.h(4946,9): warning C4005: 'STATUS_ORDINAL_NOT_FOUND': 매크로 재정의
C:\Program Files (x86)\Windows Kits\10\Include\10.0.26100.0\shared\ntstatus.h(4956,9): warning C4005: 'STATUS_ENTRYPOINT_NOT_FOUND': 매크로 재정의
C:\Program Files (x86)\Windows Kits\10\Include\10.0.26100.0\shared\ntstatus.h(4966,9): warning C4005: 'STATUS_CONTROL_C_EXIT': 매크로 재정의
C:\Program Files (x86)\Windows Kits\10\Include\10.0.26100.0\shared\ntstatus.h(5044,9): warning C4005: 'STATUS_DLL_INIT_FAILED': 매크로 재정의
C:\Program Files (x86)\Windows Kits\10\Include\10.0.26100.0\shared\ntstatus.h(6041,9): warning C4005: 'STATUS_CONTROL_STACK_VIOLATION': 매크로 재정의
C:\Program Files (x86)\Windows Kits\10\Include\10.0.26100.0\shared\ntstatus.h(7635,9): warning C4005: 'STATUS_FLOAT_MULTIPLE_FAULTS': 매크로 재정의
C:\Program Files (x86)\Windows Kits\10\Include\10.0.26100.0\shared\ntstatus.h(7645,9): warning C4005: 'STATUS_FLOAT_MULTIPLE_TRAPS': 매크로 재정의
C:\Program Files (x86)\Windows Kits\10\Include\10.0.26100.0\shared\ntstatus.h(7777,9): warning C4005: 'STATUS_REG_NAT_CONSUMPTION': 매크로 재정의
C:\Program Files (x86)\Windows Kits\10\Include\10.0.26100.0\shared\ntstatus.h(8760,9): warning C4005: 'STATUS_HEAP_CORRUPTION': 매크로 재정의
C:\Program Files (x86)\Windows Kits\10\Include\10.0.26100.0\shared\ntstatus.h(8988,9): warning C4005: 'STATUS_STACK_BUFFER_OVERRUN': 매크로 재정의
C:\Program Files (x86)\Windows Kits\10\Include\10.0.26100.0\shared\ntstatus.h(9115,9): warning C4005: 'STATUS_INVALID_CRUNTIME_PARAMETER': 매크로 재정의
C:\Program Files (x86)\Windows Kits\10\Include\10.0.26100.0\shared\ntstatus.h(9178,9): warning C4005: 'STATUS_ASSERTION_FAILURE': 매크로 재정의
C:\Program Files (x86)\Windows Kits\10\Include\10.0.26100.0\shared\ntstatus.h(10087,9): warning C4005: 'STATUS_ENCLAVE_VIOLATION': 매크로 재정의
C:\Program Files (x86)\Windows Kits\10\Include\10.0.26100.0\shared\ntstatus.h(10874,9): warning C4005: 'STATUS_INTERRUPTED': 매크로 재정의
C:\Program Files (x86)\Windows Kits\10\Include\10.0.26100.0\shared\ntstatus.h(10883,9): warning C4005: 'STATUS_THREAD_NOT_RUNNING': 매크로 재정의
C:\Program Files (x86)\Windows Kits\10\Include\10.0.26100.0\shared\ntstatus.h(11195,9): warning C4005: 'STATUS_ALREADY_REGISTERED': 매크로 재정의
C:\Program Files (x86)\Windows Kits\10\Include\10.0.26100.0\shared\ntstatus.h(15290,9): warning C4005: 'STATUS_SXS_EARLY_DEACTIVATION': 매크로 재정의
C:\Program Files (x86)\Windows Kits\10\Include\10.0.26100.0\shared\ntstatus.h(15299,9): warning C4005: 'STATUS_SXS_INVALID_DEACTIVATION': 매크로 재정의
  코드를 생성하고 있습니다.
  Previous IPDB not found, fall back to full compilation.
  All 345 functions were compiled because no usable IPDB/IOBJ from previous compilation was found.
  코드를 생성했습니다.
  MFC_GAME_HACK.vcxproj -> C:\Users\Administrator\source\repos\MFC_GAME_HACK\x64\Release\MFC_GAME_HACK.exe
